This is pdfTeX, Version 3.141592653-2.6-1.40.22 (MiKTeX 21.6) (preloaded format=pdflatex 2021.6.28)  29 JUN 2021 21:52
entering extended mode
**/Users/marksu/Desktop/MasterThesis/thesis/main.tex
(/Users/marksu/Desktop/MasterThesis/thesis/main.tex
LaTeX2e <2021-06-01> patch level 1
L3 programming layer <2021-06-18> (class/ncku_class.cls

LaTeX Warning: You have requested document class `class/ncku_class',
               but the document class provides `ncku_class'.

Document Class: ncku_class 2008/12/16 v0.3 Modified Standard LaTeX document class
(/Library/Application Support/MiKTeX/texmfs/install/tex/latex/base/size12.clo
File: size12.clo 2021/02/12 v1.4n Standard LaTeX file (size option)
)
\c@part=\count182
\c@chapter=\count183
\c@section=\count184
\c@subsection=\count185
\c@subsubsection=\count186
\c@paragraph=\count187
\c@subparagraph=\count188
\c@figure=\count189
\c@table=\count190
\abovecaptionskip=\skip47
\belowcaptionskip=\skip48
\tocChNumberWidth=\skip49
\bibindent=\dimen138
) (/Users/marksu/Library/Application Support/MiKTeX/texmfs/install/tex/latex/cjk/CJKutf8.sty
Package: CJKutf8 2015/04/18 4.8.4
 (/Library/Application Support/MiKTeX/texmfs/install/tex/generic/iftex/ifpdf.sty
Package: ifpdf 2019/10/25 v3.4 ifpdf legacy package. Use iftex instead.
 (/Library/Application Support/MiKTeX/texmfs/install/tex/generic/iftex/iftex.sty
Package: iftex 2020/03/06 v1.0d TeX engine tests
)) (/Library/Application Support/MiKTeX/texmfs/install/tex/latex/base/inputenc.sty
Package: inputenc 2021/02/14 v1.3d Input encoding file
\inpenc@prehook=\toks16
\inpenc@posthook=\toks17
) (/Users/marksu/Library/Application Support/MiKTeX/texmfs/install/tex/latex/cjk/CJK.sty
Package: CJK 2015/04/18 4.8.4
 (/Users/marksu/Library/Application Support/MiKTeX/texmfs/install/tex/latex/cjk/mule/MULEenc.sty
Package: MULEenc 2015/04/18 4.8.4
) (/Users/marksu/Library/Application Support/MiKTeX/texmfs/install/tex/latex/cjk/CJK.enc
File: CJK.enc 2015/04/18 4.8.4
Now handling font encoding C00 ...
... no UTF-8 mapping file for font encoding C00
Now handling font encoding C05 ...
... no UTF-8 mapping file for font encoding C05
Now handling font encoding C09 ...
... no UTF-8 mapping file for font encoding C09
Now handling font encoding C10 ...
... no UTF-8 mapping file for font encoding C10
Now handling font encoding C20 ...
... no UTF-8 mapping file for font encoding C20
Now handling font encoding C19 ...
... no UTF-8 mapping file for font encoding C19
Now handling font encoding C40 ...
... no UTF-8 mapping file for font encoding C40
Now handling font encoding C42 ...
... no UTF-8 mapping file for font encoding C42
Now handling font encoding C43 ...
... no UTF-8 mapping file for font encoding C43
Now handling font encoding C50 ...
... no UTF-8 mapping file for font encoding C50
Now handling font encoding C52 ...
... no UTF-8 mapping file for font encoding C52
Now handling font encoding C49 ...
... no UTF-8 mapping file for font encoding C49
Now handling font encoding C60 ...
... no UTF-8 mapping file for font encoding C60
Now handling font encoding C61 ...
... no UTF-8 mapping file for font encoding C61
Now handling font encoding C63 ...
... no UTF-8 mapping file for font encoding C63
Now handling font encoding C64 ...
... no UTF-8 mapping file for font encoding C64
Now handling font encoding C65 ...
... no UTF-8 mapping file for font encoding C65
Now handling font encoding C70 ...
... no UTF-8 mapping file for font encoding C70
Now handling font encoding C31 ...
... no UTF-8 mapping file for font encoding C31
Now handling font encoding C32 ...
... no UTF-8 mapping file for font encoding C32
Now handling font encoding C33 ...
... no UTF-8 mapping file for font encoding C33
Now handling font encoding C34 ...
... no UTF-8 mapping file for font encoding C34
Now handling font encoding C35 ...
... no UTF-8 mapping file for font encoding C35
Now handling font encoding C36 ...
... no UTF-8 mapping file for font encoding C36
Now handling font encoding C37 ...
... no UTF-8 mapping file for font encoding C37
Now handling font encoding C80 ...
... no UTF-8 mapping file for font encoding C80
Now handling font encoding C81 ...
... no UTF-8 mapping file for font encoding C81
Now handling font encoding C01 ...
... no UTF-8 mapping file for font encoding C01
Now handling font encoding C11 ...
... no UTF-8 mapping file for font encoding C11
Now handling font encoding C21 ...
... no UTF-8 mapping file for font encoding C21
Now handling font encoding C41 ...
... no UTF-8 mapping file for font encoding C41
Now handling font encoding C62 ...
... no UTF-8 mapping file for font encoding C62
)
LaTeX Info: Redefining \selectfont on input line 755.
\CJK@indent=\box50
) (/Library/Application Support/MiKTeX/texmfs/install/tex/latex/base/fontenc.sty
Package: fontenc 2021/04/29 v2.0v Standard LaTeX package
)) (/Users/marksu/Library/Application Support/MiKTeX/texmfs/install/tex/latex/cjk/CJKnumb.sty
Package: CJKnumb 2015/04/18 4.8.4
\CJK@q=\count191
\CJK@r=\count192
) (/Users/marksu/Library/Application Support/MiKTeX/texmfs/install/tex/latex/cite/cite.sty
LaTeX Info: Redefining \cite on input line 302.
LaTeX Info: Redefining \nocite on input line 332.
Package: cite 2015/02/27  v 5.5
) (/Users/marksu/Library/Application Support/MiKTeX/texmfs/install/tex/latex/geometry/geometry.sty
Package: geometry 2020/01/02 v5.9 Page Geometry
 (/Library/Application Support/MiKTeX/texmfs/install/tex/latex/graphics/keyval.sty
Package: keyval 2014/10/28 v1.15 key=value parser (DPC)
\KV@toks@=\toks18
) (/Library/Application Support/MiKTeX/texmfs/install/tex/generic/iftex/ifvtex.sty
Package: ifvtex 2019/10/25 v1.7 ifvtex legacy package. Use iftex instead.
)
\Gm@cnth=\count193
\Gm@cntv=\count194
\c@Gm@tempcnt=\count195
\Gm@bindingoffset=\dimen139
\Gm@wd@mp=\dimen140
\Gm@odd@mp=\dimen141
\Gm@even@mp=\dimen142
\Gm@layoutwidth=\dimen143
\Gm@layoutheight=\dimen144
\Gm@layouthoffset=\dimen145
\Gm@layoutvoffset=\dimen146
\Gm@dimlist=\toks19
 (/Users/marksu/Library/Application Support/MiKTeX/texmfs/install/tex/latex/geometry/geometry.cfg)) (class/ncku_style.sty

LaTeX Warning: You have requested package `class/ncku_style',
               but the package provides `ncku_style'.

Package: ncku_style 2011/10/15 v1.0 NCKU Format
(/Users/marksu/Library/Application Support/MiKTeX/texmfs/install/tex/latex/type1cm/type1cm.sty
Package: type1cm 2002/09/05 v0.04 BlueSky/Y&Y Type1 CM font definitions (DPC, patched RF)
) (/Users/marksu/Library/Application Support/MiKTeX/texmfs/install/tex/latex/footmisc/footmisc.sty
Package: footmisc 2011/06/06 v5.5b a miscellany of footnote facilities
\FN@temptoken=\toks20
\footnotemargin=\dimen147
\c@pp@next@reset=\count196
Package footmisc Info: Declaring symbol style bringhurst on input line 855.
Package footmisc Info: Declaring symbol style chicago on input line 863.
Package footmisc Info: Declaring symbol style wiley on input line 872.
Package footmisc Info: Declaring symbol style lamport-robust on input line 883.
Package footmisc Info: Declaring symbol style lamport* on input line 903.
Package footmisc Info: Declaring symbol style lamport*-robust on input line 924.
)) (/Users/marksu/Library/Application Support/MiKTeX/texmfs/install/tex/latex/booktabs/booktabs.sty
Package: booktabs 2020/01/12 v1.61803398 Publication quality tables
\heavyrulewidth=\dimen148
\lightrulewidth=\dimen149
\cmidrulewidth=\dimen150
\belowrulesep=\dimen151
\belowbottomsep=\dimen152
\aboverulesep=\dimen153
\abovetopsep=\dimen154
\cmidrulesep=\dimen155
\cmidrulekern=\dimen156
\defaultaddspace=\dimen157
\@cmidla=\count197
\@cmidlb=\count198
\@aboverulesep=\dimen158
\@belowrulesep=\dimen159
\@thisruleclass=\count199
\@lastruleclass=\count266
\@thisrulewidth=\dimen160
) (/Users/marksu/Library/Application Support/MiKTeX/texmfs/install/tex/latex/caption/caption.sty
Package: caption 2020/10/26 v3.5g Customizing captions (AR)
 (/Users/marksu/Library/Application Support/MiKTeX/texmfs/install/tex/latex/caption/caption3.sty
Package: caption3 2020/10/21 v2.2e caption3 kernel (AR)
\captionmargin=\dimen161
\captionmargin@=\dimen162
\captionwidth=\dimen163
\caption@tempdima=\dimen164
\caption@indent=\dimen165
\caption@parindent=\dimen166
\caption@hangindent=\dimen167
Package caption Info: Standard document class detected.
)
\c@caption@flags=\count267
\c@continuedfloat=\count268
) (/Users/marksu/Library/Application Support/MiKTeX/texmfs/install/tex/latex/multirow/multirow.sty
Package: multirow 2021/03/15 v2.8 Span multiple rows of a table
\multirow@colwidth=\skip50
\multirow@cntb=\count269
\multirow@dima=\skip51
\bigstrutjot=\dimen168
) (/Users/marksu/Library/Application Support/MiKTeX/texmfs/install/tex/generic/soul/soul.sty
Package: soul 2003/11/17 v2.4 letterspacing/underlining (mf)
\SOUL@word=\toks21
\SOUL@lasttoken=\toks22
\SOUL@cmds=\toks23
\SOUL@buffer=\toks24
\SOUL@token=\toks25
\SOUL@spaceskip=\skip52
\SOUL@ttwidth=\dimen169
\SOUL@uldp=\dimen170
\SOUL@ulht=\dimen171
) (/Library/Application Support/MiKTeX/texmfs/install/tex/latex/graphics/graphicx.sty
Package: graphicx 2020/12/05 v1.2c Enhanced LaTeX Graphics (DPC,SPQR)
 (/Library/Application Support/MiKTeX/texmfs/install/tex/latex/graphics/graphics.sty
Package: graphics 2021/03/04 v1.4d Standard LaTeX Graphics (DPC,SPQR)
 (/Library/Application Support/MiKTeX/texmfs/install/tex/latex/graphics/trig.sty
Package: trig 2016/01/03 v1.10 sin cos tan (DPC)
) (/Library/Application Support/MiKTeX/texmfs/install/tex/latex/graphics-cfg/graphics.cfg
File: graphics.cfg 2016/06/04 v1.11 sample graphics configuration
)
Package graphics Info: Driver file: pdftex.def on input line 107.
 (/Library/Application Support/MiKTeX/texmfs/install/tex/latex/graphics-def/pdftex.def
File: pdftex.def 2020/10/05 v1.2a Graphics/color driver for pdftex
))
\Gin@req@height=\dimen172
\Gin@req@width=\dimen173
) (/Users/marksu/Library/Application Support/MiKTeX/texmfs/install/tex/latex/fancyhdr/fancyhdr.sty
Package: fancyhdr 2021/01/28 v4.0.1 Extensive control of page headers and footers
\f@nch@headwidth=\skip53
\f@nch@O@elh=\skip54
\f@nch@O@erh=\skip55
\f@nch@O@olh=\skip56
\f@nch@O@orh=\skip57
\f@nch@O@elf=\skip58
\f@nch@O@erf=\skip59
\f@nch@O@olf=\skip60
\f@nch@O@orf=\skip61
) (header/ncku_watermark.tex
\mywatermark=\box51
<header/ncku_watermark.jpg, id=1, 195.73125pt x 188.20313pt>
File: header/ncku_watermark.jpg Graphic file (type jpg)
<use header/ncku_watermark.jpg>
Package pdftex.def Info: header/ncku_watermark.jpg  used on input line 28.
(pdftex.def)             Requested size: 195.73076pt x 188.20265pt.
) (header/header_footer.tex) (/Library/Application Support/MiKTeX/texmfs/install/tex/latex/amsmath/amsmath.sty
Package: amsmath 2021/04/20 v2.17j AMS math features
\@mathmargin=\skip62

For additional information on amsmath, use the `?' option.
(/Library/Application Support/MiKTeX/texmfs/install/tex/latex/amsmath/amstext.sty
Package: amstext 2000/06/29 v2.01 AMS text
 (/Library/Application Support/MiKTeX/texmfs/install/tex/latex/amsmath/amsgen.sty
File: amsgen.sty 1999/11/30 v2.0 generic functions
\@emptytoks=\toks26
\ex@=\dimen174
)) (/Library/Application Support/MiKTeX/texmfs/install/tex/latex/amsmath/amsbsy.sty
Package: amsbsy 1999/11/29 v1.2d Bold Symbols
\pmbraise@=\dimen175
) (/Library/Application Support/MiKTeX/texmfs/install/tex/latex/amsmath/amsopn.sty
Package: amsopn 2016/03/08 v2.02 operator names
)
\inf@bad=\count270
LaTeX Info: Redefining \frac on input line 234.
\uproot@=\count271
\leftroot@=\count272
LaTeX Info: Redefining \overline on input line 399.
\classnum@=\count273
\DOTSCASE@=\count274
LaTeX Info: Redefining \ldots on input line 496.
LaTeX Info: Redefining \dots on input line 499.
LaTeX Info: Redefining \cdots on input line 620.
\Mathstrutbox@=\box52
\strutbox@=\box53
\big@size=\dimen176
LaTeX Font Info:    Redeclaring font encoding OML on input line 743.
LaTeX Font Info:    Redeclaring font encoding OMS on input line 744.
\macc@depth=\count275
\c@MaxMatrixCols=\count276
\dotsspace@=\muskip16
\c@parentequation=\count277
\dspbrk@lvl=\count278
\tag@help=\toks27
\row@=\count279
\column@=\count280
\maxfields@=\count281
\andhelp@=\toks28
\eqnshift@=\dimen177
\alignsep@=\dimen178
\tagshift@=\dimen179
\tagwidth@=\dimen180
\totwidth@=\dimen181
\lineht@=\dimen182
\@envbody=\toks29
\multlinegap=\skip63
\multlinetaggap=\skip64
\mathdisplay@stack=\toks30
LaTeX Info: Redefining \[ on input line 2923.
LaTeX Info: Redefining \] on input line 2924.
) (/Library/Application Support/MiKTeX/texmfs/install/tex/latex/amsfonts/amssymb.sty
Package: amssymb 2013/01/14 v3.01 AMS font symbols
 (/Library/Application Support/MiKTeX/texmfs/install/tex/latex/amsfonts/amsfonts.sty
Package: amsfonts 2013/01/14 v3.01 Basic AMSFonts support
\symAMSa=\mathgroup4
\symAMSb=\mathgroup5
LaTeX Font Info:    Redeclaring math symbol \hbar on input line 98.
LaTeX Font Info:    Overwriting math alphabet `\mathfrak' in version `bold'
(Font)                  U/euf/m/n --> U/euf/b/n on input line 106.
)) (/Users/marksu/Library/Application Support/MiKTeX/texmfs/install/tex/latex/jknappen/mathrsfs.sty
Package: mathrsfs 1996/01/01 Math RSFS package v1.0 (jk)
\symrsfs=\mathgroup6
) (/Library/Application Support/MiKTeX/texmfs/install/tex/latex/listings/listings.sty
\lst@mode=\count282
\lst@gtempboxa=\box54
\lst@token=\toks31
\lst@length=\count283
\lst@currlwidth=\dimen183
\lst@column=\count284
\lst@pos=\count285
\lst@lostspace=\dimen184
\lst@width=\dimen185
\lst@newlines=\count286
\lst@lineno=\count287
\lst@maxwidth=\dimen186
 (/Library/Application Support/MiKTeX/texmfs/install/tex/latex/listings/lstmisc.sty
File: lstmisc.sty 2020/03/24 1.8d (Carsten Heinz)
\c@lstnumber=\count288
\lst@skipnumbers=\count289
\lst@framebox=\box55
) (/Library/Application Support/MiKTeX/texmfs/install/tex/latex/listings/listings.cfg
File: listings.cfg 2020/03/24 1.8d listings configuration
))
Package: listings 2020/03/24 1.8d (Carsten Heinz)
 (/Users/marksu/Library/Application Support/MiKTeX/texmfs/install/tex/latex/subfigure/subfigure.sty
Package: subfigure 2002/07/30 v2.1.4 subfigure package
\subfigtopskip=\skip65
\subfigcapskip=\skip66
\subfigcaptopadj=\dimen187
\subfigbottomskip=\skip67
\subfigcapmargin=\dimen188
\subfiglabelskip=\skip68
\c@subfigure=\count290
\c@lofdepth=\count291
\c@subtable=\count292
\c@lotdepth=\count293

****************************************
* Local config file subfigure.cfg used *
****************************************
(/Users/marksu/Library/Application Support/MiKTeX/texmfs/install/tex/latex/subfigure/subfigure.cfg)
\subfig@top=\skip69
\subfig@bottom=\skip70
) (/Users/marksu/Library/Application Support/MiKTeX/texmfs/install/tex/latex/psfrag/psfrag.sty
Package: psfrag 1998/04/11 v3.04 PSfrag (MCG)
\pfg@pcount=\count294
\pfg@scount=\count295
\pfg@temp=\write3
) (/Library/Application Support/MiKTeX/texmfs/install/tex/latex/tools/bm.sty
Package: bm 2021/04/25 v1.2e Bold Symbol Support (DPC/FMi)
\symboldoperators=\mathgroup7
\symboldletters=\mathgroup8
\symboldsymbols=\mathgroup9
Package bm Info: No bold for \OMX/cmex/m/n, using \pmb.
Package bm Info: No bold for \U/msa/m/n, using \pmb.
Package bm Info: No bold for \U/msb/m/n, using \pmb.
Package bm Info: No bold for \U/rsfs/m/n, using \pmb.
LaTeX Font Info:    Redeclaring math alphabet \mathbf on input line 149.
) (/Users/marksu/Library/Application Support/MiKTeX/texmfs/install/tex/latex/mathtools/mathtools.sty
Package: mathtools 2021/04/12 v1.27 mathematical typesetting tools
 (/Library/Application Support/MiKTeX/texmfs/install/tex/latex/tools/calc.sty
Package: calc 2017/05/25 v4.3 Infix arithmetic (KKT,FJ)
\calc@Acount=\count296
\calc@Bcount=\count297
\calc@Adimen=\dimen189
\calc@Bdimen=\dimen190
\calc@Askip=\skip71
\calc@Bskip=\skip72
LaTeX Info: Redefining \setlength on input line 80.
LaTeX Info: Redefining \addtolength on input line 81.
\calc@Ccount=\count298
\calc@Cskip=\skip73
) (/Users/marksu/Library/Application Support/MiKTeX/texmfs/install/tex/latex/mathtools/mhsetup.sty
Package: mhsetup 2021/03/18 v1.4 programming setup (MH)
)
LaTeX Info: Thecontrolsequence`\('isalreadyrobust on input line 130.
LaTeX Info: Thecontrolsequence`\)'isalreadyrobust on input line 130.
LaTeX Info: Thecontrolsequence`\['isalreadyrobust on input line 130.
LaTeX Info: Thecontrolsequence`\]'isalreadyrobust on input line 130.
\g_MT_multlinerow_int=\count299
\l_MT_multwidth_dim=\dimen191
\origjot=\skip74
\l_MT_shortvdotswithinadjustabove_dim=\dimen192
\l_MT_shortvdotswithinadjustbelow_dim=\dimen193
\l_MT_above_intertext_sep=\dimen194
\l_MT_below_intertext_sep=\dimen195
\l_MT_above_shortintertext_sep=\dimen196
\l_MT_below_shortintertext_sep=\dimen197
\xmathstrut@box=\box56
\xmathstrut@dim=\dimen198
) (/Library/Application Support/MiKTeX/texmfs/install/tex/latex/hyperref/hyperref.sty
Package: hyperref 2021-06-07 v7.00m Hypertext links for LaTeX
 (/Users/marksu/Library/Application Support/MiKTeX/texmfs/install/tex/generic/ltxcmds/ltxcmds.sty
Package: ltxcmds 2020-05-10 v1.25 LaTeX kernel commands for general use (HO)
) (/Library/Application Support/MiKTeX/texmfs/install/tex/generic/pdftexcmds/pdftexcmds.sty
Package: pdftexcmds 2020-06-27 v0.33 Utility functions of pdfTeX for LuaTeX (HO)
 (/Users/marksu/Library/Application Support/MiKTeX/texmfs/install/tex/generic/infwarerr/infwarerr.sty
Package: infwarerr 2019/12/03 v1.5 Providing info/warning/error messages (HO)
)
Package pdftexcmds Info: \pdf@primitive is available.
Package pdftexcmds Info: \pdf@ifprimitive is available.
Package pdftexcmds Info: \pdfdraftmode found.
) (/Users/marksu/Library/Application Support/MiKTeX/texmfs/install/tex/generic/kvsetkeys/kvsetkeys.sty
Package: kvsetkeys 2019/12/15 v1.18 Key value parser (HO)
) (/Users/marksu/Library/Application Support/MiKTeX/texmfs/install/tex/generic/kvdefinekeys/kvdefinekeys.sty
Package: kvdefinekeys 2019-12-19 v1.6 Define keys (HO)
) (/Users/marksu/Library/Application Support/MiKTeX/texmfs/install/tex/generic/pdfescape/pdfescape.sty
Package: pdfescape 2019/12/09 v1.15 Implements pdfTeX's escape features (HO)
) (/Users/marksu/Library/Application Support/MiKTeX/texmfs/install/tex/latex/hycolor/hycolor.sty
Package: hycolor 2020-01-27 v1.10 Color options for hyperref/bookmark (HO)
) (/Users/marksu/Library/Application Support/MiKTeX/texmfs/install/tex/latex/letltxmacro/letltxmacro.sty
Package: letltxmacro 2019/12/03 v1.6 Let assignment for LaTeX macros (HO)
) (/Users/marksu/Library/Application Support/MiKTeX/texmfs/install/tex/latex/auxhook/auxhook.sty
Package: auxhook 2019-12-17 v1.6 Hooks for auxiliary files (HO)
) (/Users/marksu/Library/Application Support/MiKTeX/texmfs/install/tex/latex/kvoptions/kvoptions.sty
Package: kvoptions 2020-10-07 v3.14 Key value format for package options (HO)
)
\@linkdim=\dimen199
\Hy@linkcounter=\count300
\Hy@pagecounter=\count301
 (/Library/Application Support/MiKTeX/texmfs/install/tex/latex/hyperref/pd1enc.def
File: pd1enc.def 2021-06-07 v7.00m Hyperref: PDFDocEncoding definition (HO)
Now handling font encoding PD1 ...
... no UTF-8 mapping file for font encoding PD1
) (/Library/Application Support/MiKTeX/texmfs/install/tex/latex/hyperref/hyperref-langpatches.def
File: hyperref-langpatches.def 2021-06-07 v7.00m Hyperref: patches for babel languages
) (/Users/marksu/Library/Application Support/MiKTeX/texmfs/install/tex/generic/intcalc/intcalc.sty
Package: intcalc 2019/12/15 v1.3 Expandable calculations with integers (HO)
) (/Users/marksu/Library/Application Support/MiKTeX/texmfs/install/tex/generic/etexcmds/etexcmds.sty
Package: etexcmds 2019/12/15 v1.7 Avoid name clashes with e-TeX commands (HO)
)
\Hy@SavedSpaceFactor=\count302
 (/Library/Application Support/MiKTeX/texmfs/install/tex/latex/hyperref/puenc.def
File: puenc.def 2021-06-07 v7.00m Hyperref: PDF Unicode definition (HO)
Now handling font encoding PU ...
... no UTF-8 mapping file for font encoding PU
)
Package hyperref Info: Hyper figures OFF on input line 4192.
Package hyperref Info: Link nesting OFF on input line 4197.
Package hyperref Info: Hyper index ON on input line 4200.
Package hyperref Info: Plain pages OFF on input line 4207.
Package hyperref Info: Backreferencing OFF on input line 4212.
Package hyperref Info: Implicit mode ON; LaTeX internals redefined.
Package hyperref Info: Bookmarks ON on input line 4445.
\c@Hy@tempcnt=\count303
 (/Library/Application Support/MiKTeX/texmfs/install/tex/latex/url/url.sty
\Urlmuskip=\muskip17
Package: url 2013/09/16  ver 3.4  Verb mode for urls, etc.
)
LaTeX Info: Redefining \url on input line 4804.
\XeTeXLinkMargin=\dimen256
 (/Users/marksu/Library/Application Support/MiKTeX/texmfs/install/tex/generic/bitset/bitset.sty
Package: bitset 2019/12/09 v1.3 Handle bit-vector datatype (HO)
 (/Users/marksu/Library/Application Support/MiKTeX/texmfs/install/tex/generic/bigintcalc/bigintcalc.sty
Package: bigintcalc 2019/12/15 v1.5 Expandable calculations on big integers (HO)
))
\Fld@menulength=\count304
\Field@Width=\dimen257
\Fld@charsize=\dimen258
Package hyperref Info: Hyper figures OFF on input line 6076.
Package hyperref Info: Link nesting OFF on input line 6081.
Package hyperref Info: Hyper index ON on input line 6084.
Package hyperref Info: backreferencing OFF on input line 6091.
Package hyperref Info: Link coloring OFF on input line 6096.
Package hyperref Info: Link coloring with OCG OFF on input line 6101.
Package hyperref Info: PDF/A mode OFF on input line 6106.
LaTeX Info: Redefining \ref on input line 6146.
LaTeX Info: Redefining \pageref on input line 6150.
 (/Library/Application Support/MiKTeX/texmfs/install/tex/latex/base/atbegshi-ltx.sty
Package: atbegshi-ltx 2021/01/10 v1.0c Emulation of the original atbegshi
package with kernel methods
)
\Hy@abspage=\count305
\c@Item=\count306
\c@Hfootnote=\count307
)
Package hyperref Info: Driver (autodetected): hpdftex.
 (/Library/Application Support/MiKTeX/texmfs/install/tex/latex/hyperref/hpdftex.def
File: hpdftex.def 2021-06-07 v7.00m Hyperref driver for pdfTeX
 (/Library/Application Support/MiKTeX/texmfs/install/tex/latex/base/atveryend-ltx.sty
Package: atveryend-ltx 2020/08/19 v1.0a Emulation of the original atvery package
with kernel methods
)
\Fld@listcount=\count308
\c@bookmark@seq@number=\count309
 (/Users/marksu/Library/Application Support/MiKTeX/texmfs/install/tex/latex/rerunfilecheck/rerunfilecheck.sty
Package: rerunfilecheck 2019/12/05 v1.9 Rerun checks for auxiliary files (HO)
 (/Users/marksu/Library/Application Support/MiKTeX/texmfs/install/tex/generic/uniquecounter/uniquecounter.sty
Package: uniquecounter 2019/12/15 v1.4 Provide unlimited unique counter (HO)
)
Package uniquecounter Info: New unique counter `rerunfilecheck' on input line 286.
)
\Hy@SectionHShift=\skip75
)
Package hyperref Info: Option `colorlinks' set `true' on input line 98.
 (/Library/Application Support/MiKTeX/texmfs/install/tex/latex/tools/array.sty
Package: array 2021/04/20 v2.5e Tabular extension package (FMi)
\col@sep=\dimen259
\ar@mcellbox=\box57
\extrarowheight=\dimen260
\NC@list=\toks32
\extratabsurround=\skip76
\backup@length=\skip77
\ar@cellbox=\box58
) (/Users/marksu/Library/Application Support/MiKTeX/texmfs/install/tex/latex/threeparttable/threeparttable.sty
Package: threeparttable 2003/06/13  v 3.0
\@tempboxb=\box59
) (/Library/Application Support/MiKTeX/texmfs/install/tex/latex/tools/tabularx.sty
Package: tabularx 2020/01/15 v2.11c `tabularx' package (DPC)
\TX@col@width=\dimen261
\TX@old@table=\dimen262
\TX@old@col=\dimen263
\TX@target=\dimen264
\TX@delta=\dimen265
\TX@cols=\count310
\TX@ftn=\toks33
) (/Library/Application Support/MiKTeX/texmfs/install/tex/latex/xcolor/xcolor.sty
Package: xcolor 2016/05/11 v2.12 LaTeX color extensions (UK)
 (/Library/Application Support/MiKTeX/texmfs/install/tex/latex/graphics-cfg/color.cfg
File: color.cfg 2016/01/02 v1.6 sample color configuration
)
Package xcolor Info: Package option `usenames' ignored on input line 216.
Package xcolor Info: Driver file: pdftex.def on input line 225.
Package xcolor Info: Model `cmy' substituted by `cmy0' on input line 1348.
Package xcolor Info: Model `hsb' substituted by `rgb' on input line 1352.
Package xcolor Info: Model `RGB' extended on input line 1364.
Package xcolor Info: Model `HTML' substituted by `rgb' on input line 1366.
Package xcolor Info: Model `Hsb' substituted by `hsb' on input line 1367.
Package xcolor Info: Model `tHsb' substituted by `hsb' on input line 1368.
Package xcolor Info: Model `HSB' substituted by `hsb' on input line 1369.
Package xcolor Info: Model `Gray' substituted by `gray' on input line 1370.
Package xcolor Info: Model `wave' substituted by `hsb' on input line 1371.
 (/Library/Application Support/MiKTeX/texmfs/install/tex/latex/graphics/dvipsnam.def
File: dvipsnam.def 2016/06/17 v3.0m Driver-dependent file (DPC,SPQR)
)) (/Library/Application Support/MiKTeX/texmfs/install/tex/latex/pgf/basiclayer/pgf.sty (/Library/Application Support/MiKTeX/texmfs/install/tex/latex/pgf/utilities/pgfrcs.sty (/Library/Application Support/MiKTeX/texmfs/install/tex/generic/pgf/utilities/pgfutil-common.tex
\pgfutil@everybye=\toks34
\pgfutil@tempdima=\dimen266
\pgfutil@tempdimb=\dimen267
 (/Library/Application Support/MiKTeX/texmfs/install/tex/generic/pgf/utilities/pgfutil-common-lists.tex)) (/Library/Application Support/MiKTeX/texmfs/install/tex/generic/pgf/utilities/pgfutil-latex.def
\pgfutil@abb=\box60
) (/Library/Application Support/MiKTeX/texmfs/install/tex/generic/pgf/utilities/pgfrcs.code.tex (/Library/Application Support/MiKTeX/texmfs/install/tex/generic/pgf/pgf.revision.tex)
Package: pgfrcs 2021/05/15 v3.1.9a (3.1.9a)
))
Package: pgf 2021/05/15 v3.1.9a (3.1.9a)
 (/Library/Application Support/MiKTeX/texmfs/install/tex/latex/pgf/basiclayer/pgfcore.sty (/Library/Application Support/MiKTeX/texmfs/install/tex/latex/pgf/systemlayer/pgfsys.sty (/Library/Application Support/MiKTeX/texmfs/install/tex/generic/pgf/systemlayer/pgfsys.code.tex
Package: pgfsys 2021/05/15 v3.1.9a (3.1.9a)
 (/Library/Application Support/MiKTeX/texmfs/install/tex/generic/pgf/utilities/pgfkeys.code.tex
\pgfkeys@pathtoks=\toks35
\pgfkeys@temptoks=\toks36
 (/Library/Application Support/MiKTeX/texmfs/install/tex/generic/pgf/utilities/pgfkeysfiltered.code.tex
\pgfkeys@tmptoks=\toks37
))
\pgf@x=\dimen268
\pgf@y=\dimen269
\pgf@xa=\dimen270
\pgf@ya=\dimen271
\pgf@xb=\dimen272
\pgf@yb=\dimen273
\pgf@xc=\dimen274
\pgf@yc=\dimen275
\pgf@xd=\dimen276
\pgf@yd=\dimen277
\w@pgf@writea=\write4
\r@pgf@reada=\read2
\c@pgf@counta=\count311
\c@pgf@countb=\count312
\c@pgf@countc=\count313
\c@pgf@countd=\count314
\t@pgf@toka=\toks38
\t@pgf@tokb=\toks39
\t@pgf@tokc=\toks40
\pgf@sys@id@count=\count315
 (/Library/Application Support/MiKTeX/texmfs/install/tex/generic/pgf/systemlayer/pgf.cfg
File: pgf.cfg 2021/05/15 v3.1.9a (3.1.9a)
)
Driver file for pgf: pgfsys-pdftex.def
 (/Library/Application Support/MiKTeX/texmfs/install/tex/generic/pgf/systemlayer/pgfsys-pdftex.def
File: pgfsys-pdftex.def 2021/05/15 v3.1.9a (3.1.9a)
 (/Library/Application Support/MiKTeX/texmfs/install/tex/generic/pgf/systemlayer/pgfsys-common-pdf.def
File: pgfsys-common-pdf.def 2021/05/15 v3.1.9a (3.1.9a)
))) (/Library/Application Support/MiKTeX/texmfs/install/tex/generic/pgf/systemlayer/pgfsyssoftpath.code.tex
File: pgfsyssoftpath.code.tex 2021/05/15 v3.1.9a (3.1.9a)
\pgfsyssoftpath@smallbuffer@items=\count316
\pgfsyssoftpath@bigbuffer@items=\count317
) (/Library/Application Support/MiKTeX/texmfs/install/tex/generic/pgf/systemlayer/pgfsysprotocol.code.tex
File: pgfsysprotocol.code.tex 2021/05/15 v3.1.9a (3.1.9a)
)) (/Library/Application Support/MiKTeX/texmfs/install/tex/generic/pgf/basiclayer/pgfcore.code.tex
Package: pgfcore 2021/05/15 v3.1.9a (3.1.9a)
 (/Library/Application Support/MiKTeX/texmfs/install/tex/generic/pgf/math/pgfmath.code.tex (/Library/Application Support/MiKTeX/texmfs/install/tex/generic/pgf/math/pgfmathcalc.code.tex (/Library/Application Support/MiKTeX/texmfs/install/tex/generic/pgf/math/pgfmathutil.code.tex) (/Library/Application Support/MiKTeX/texmfs/install/tex/generic/pgf/math/pgfmathparser.code.tex
\pgfmath@dimen=\dimen278
\pgfmath@count=\count318
\pgfmath@box=\box61
\pgfmath@toks=\toks41
\pgfmath@stack@operand=\toks42
\pgfmath@stack@operation=\toks43
) (/Library/Application Support/MiKTeX/texmfs/install/tex/generic/pgf/math/pgfmathfunctions.code.tex (/Library/Application Support/MiKTeX/texmfs/install/tex/generic/pgf/math/pgfmathfunctions.basic.code.tex) (/Library/Application Support/MiKTeX/texmfs/install/tex/generic/pgf/math/pgfmathfunctions.trigonometric.code.tex) (/Library/Application Support/MiKTeX/texmfs/install/tex/generic/pgf/math/pgfmathfunctions.random.code.tex) (/Library/Application Support/MiKTeX/texmfs/install/tex/generic/pgf/math/pgfmathfunctions.comparison.code.tex) (/Library/Application Support/MiKTeX/texmfs/install/tex/generic/pgf/math/pgfmathfunctions.base.code.tex) (/Library/Application Support/MiKTeX/texmfs/install/tex/generic/pgf/math/pgfmathfunctions.round.code.tex) (/Library/Application Support/MiKTeX/texmfs/install/tex/generic/pgf/math/pgfmathfunctions.misc.code.tex) (/Library/Application Support/MiKTeX/texmfs/install/tex/generic/pgf/math/pgfmathfunctions.integerarithmetics.code.tex))) (/Library/Application Support/MiKTeX/texmfs/install/tex/generic/pgf/math/pgfmathfloat.code.tex
\c@pgfmathroundto@lastzeros=\count319
)) (/Library/Application Support/MiKTeX/texmfs/install/tex/generic/pgf/math/pgfint.code.tex) (/Library/Application Support/MiKTeX/texmfs/install/tex/generic/pgf/basiclayer/pgfcorepoints.code.tex
File: pgfcorepoints.code.tex 2021/05/15 v3.1.9a (3.1.9a)
\pgf@picminx=\dimen279
\pgf@picmaxx=\dimen280
\pgf@picminy=\dimen281
\pgf@picmaxy=\dimen282
\pgf@pathminx=\dimen283
\pgf@pathmaxx=\dimen284
\pgf@pathminy=\dimen285
\pgf@pathmaxy=\dimen286
\pgf@xx=\dimen287
\pgf@xy=\dimen288
\pgf@yx=\dimen289
\pgf@yy=\dimen290
\pgf@zx=\dimen291
\pgf@zy=\dimen292
) (/Library/Application Support/MiKTeX/texmfs/install/tex/generic/pgf/basiclayer/pgfcorepathconstruct.code.tex
File: pgfcorepathconstruct.code.tex 2021/05/15 v3.1.9a (3.1.9a)
\pgf@path@lastx=\dimen293
\pgf@path@lasty=\dimen294
) (/Library/Application Support/MiKTeX/texmfs/install/tex/generic/pgf/basiclayer/pgfcorepathusage.code.tex
File: pgfcorepathusage.code.tex 2021/05/15 v3.1.9a (3.1.9a)
\pgf@shorten@end@additional=\dimen295
\pgf@shorten@start@additional=\dimen296
) (/Library/Application Support/MiKTeX/texmfs/install/tex/generic/pgf/basiclayer/pgfcorescopes.code.tex
File: pgfcorescopes.code.tex 2021/05/15 v3.1.9a (3.1.9a)
\pgfpic=\box62
\pgf@hbox=\box63
\pgf@layerbox@main=\box64
\pgf@picture@serial@count=\count320
) (/Library/Application Support/MiKTeX/texmfs/install/tex/generic/pgf/basiclayer/pgfcoregraphicstate.code.tex
File: pgfcoregraphicstate.code.tex 2021/05/15 v3.1.9a (3.1.9a)
\pgflinewidth=\dimen297
) (/Library/Application Support/MiKTeX/texmfs/install/tex/generic/pgf/basiclayer/pgfcoretransformations.code.tex
File: pgfcoretransformations.code.tex 2021/05/15 v3.1.9a (3.1.9a)
\pgf@pt@x=\dimen298
\pgf@pt@y=\dimen299
\pgf@pt@temp=\dimen300
) (/Library/Application Support/MiKTeX/texmfs/install/tex/generic/pgf/basiclayer/pgfcorequick.code.tex
File: pgfcorequick.code.tex 2021/05/15 v3.1.9a (3.1.9a)
) (/Library/Application Support/MiKTeX/texmfs/install/tex/generic/pgf/basiclayer/pgfcoreobjects.code.tex
File: pgfcoreobjects.code.tex 2021/05/15 v3.1.9a (3.1.9a)
) (/Library/Application Support/MiKTeX/texmfs/install/tex/generic/pgf/basiclayer/pgfcorepathprocessing.code.tex
File: pgfcorepathprocessing.code.tex 2021/05/15 v3.1.9a (3.1.9a)
) (/Library/Application Support/MiKTeX/texmfs/install/tex/generic/pgf/basiclayer/pgfcorearrows.code.tex
File: pgfcorearrows.code.tex 2021/05/15 v3.1.9a (3.1.9a)
\pgfarrowsep=\dimen301
) (/Library/Application Support/MiKTeX/texmfs/install/tex/generic/pgf/basiclayer/pgfcoreshade.code.tex
File: pgfcoreshade.code.tex 2021/05/15 v3.1.9a (3.1.9a)
\pgf@max=\dimen302
\pgf@sys@shading@range@num=\count321
\pgf@shadingcount=\count322
) (/Library/Application Support/MiKTeX/texmfs/install/tex/generic/pgf/basiclayer/pgfcoreimage.code.tex
File: pgfcoreimage.code.tex 2021/05/15 v3.1.9a (3.1.9a)
 (/Library/Application Support/MiKTeX/texmfs/install/tex/generic/pgf/basiclayer/pgfcoreexternal.code.tex
File: pgfcoreexternal.code.tex 2021/05/15 v3.1.9a (3.1.9a)
\pgfexternal@startupbox=\box65
)) (/Library/Application Support/MiKTeX/texmfs/install/tex/generic/pgf/basiclayer/pgfcorelayers.code.tex
File: pgfcorelayers.code.tex 2021/05/15 v3.1.9a (3.1.9a)
) (/Library/Application Support/MiKTeX/texmfs/install/tex/generic/pgf/basiclayer/pgfcoretransparency.code.tex
File: pgfcoretransparency.code.tex 2021/05/15 v3.1.9a (3.1.9a)
) (/Library/Application Support/MiKTeX/texmfs/install/tex/generic/pgf/basiclayer/pgfcorepatterns.code.tex
File: pgfcorepatterns.code.tex 2021/05/15 v3.1.9a (3.1.9a)
) (/Library/Application Support/MiKTeX/texmfs/install/tex/generic/pgf/basiclayer/pgfcorerdf.code.tex
File: pgfcorerdf.code.tex 2021/05/15 v3.1.9a (3.1.9a)
))) (/Library/Application Support/MiKTeX/texmfs/install/tex/generic/pgf/modules/pgfmoduleshapes.code.tex
File: pgfmoduleshapes.code.tex 2021/05/15 v3.1.9a (3.1.9a)
\pgfnodeparttextbox=\box66
) (/Library/Application Support/MiKTeX/texmfs/install/tex/generic/pgf/modules/pgfmoduleplot.code.tex
File: pgfmoduleplot.code.tex 2021/05/15 v3.1.9a (3.1.9a)
) (/Library/Application Support/MiKTeX/texmfs/install/tex/latex/pgf/compatibility/pgfcomp-version-0-65.sty
Package: pgfcomp-version-0-65 2021/05/15 v3.1.9a (3.1.9a)
\pgf@nodesepstart=\dimen303
\pgf@nodesepend=\dimen304
) (/Library/Application Support/MiKTeX/texmfs/install/tex/latex/pgf/compatibility/pgfcomp-version-1-18.sty
Package: pgfcomp-version-1-18 2021/05/15 v3.1.9a (3.1.9a)
)) (/Library/Application Support/MiKTeX/texmfs/install/tex/latex/pgf/frontendlayer/tikz.sty (/Library/Application Support/MiKTeX/texmfs/install/tex/latex/pgf/utilities/pgffor.sty (/Library/Application Support/MiKTeX/texmfs/install/tex/latex/pgf/utilities/pgfkeys.sty (/Library/Application Support/MiKTeX/texmfs/install/tex/generic/pgf/utilities/pgfkeys.code.tex)) (/Library/Application Support/MiKTeX/texmfs/install/tex/latex/pgf/math/pgfmath.sty (/Library/Application Support/MiKTeX/texmfs/install/tex/generic/pgf/math/pgfmath.code.tex)) (/Library/Application Support/MiKTeX/texmfs/install/tex/generic/pgf/utilities/pgffor.code.tex
Package: pgffor 2021/05/15 v3.1.9a (3.1.9a)
 (/Library/Application Support/MiKTeX/texmfs/install/tex/generic/pgf/math/pgfmath.code.tex)
\pgffor@iter=\dimen305
\pgffor@skip=\dimen306
\pgffor@stack=\toks44
\pgffor@toks=\toks45
)) (/Library/Application Support/MiKTeX/texmfs/install/tex/generic/pgf/frontendlayer/tikz/tikz.code.tex
Package: tikz 2021/05/15 v3.1.9a (3.1.9a)
 (/Library/Application Support/MiKTeX/texmfs/install/tex/generic/pgf/libraries/pgflibraryplothandlers.code.tex
File: pgflibraryplothandlers.code.tex 2021/05/15 v3.1.9a (3.1.9a)
\pgf@plot@mark@count=\count323
\pgfplotmarksize=\dimen307
)
\tikz@lastx=\dimen308
\tikz@lasty=\dimen309
\tikz@lastxsaved=\dimen310
\tikz@lastysaved=\dimen311
\tikz@lastmovetox=\dimen312
\tikz@lastmovetoy=\dimen313
\tikzleveldistance=\dimen314
\tikzsiblingdistance=\dimen315
\tikz@figbox=\box67
\tikz@figbox@bg=\box68
\tikz@tempbox=\box69
\tikz@tempbox@bg=\box70
\tikztreelevel=\count324
\tikznumberofchildren=\count325
\tikznumberofcurrentchild=\count326
\tikz@fig@count=\count327
 (/Library/Application Support/MiKTeX/texmfs/install/tex/generic/pgf/modules/pgfmodulematrix.code.tex
File: pgfmodulematrix.code.tex 2021/05/15 v3.1.9a (3.1.9a)
\pgfmatrixcurrentrow=\count328
\pgfmatrixcurrentcolumn=\count329
\pgf@matrix@numberofcolumns=\count330
)
\tikz@expandcount=\count331
 (/Library/Application Support/MiKTeX/texmfs/install/tex/generic/pgf/frontendlayer/tikz/libraries/tikzlibrarytopaths.code.tex
File: tikzlibrarytopaths.code.tex 2021/05/15 v3.1.9a (3.1.9a)
)))
(/Library/Application Support/MiKTeX/texmfs/install/tex/generic/pgf/frontendlayer/tikz/libraries/tikzlibraryarrows.code.tex
File: tikzlibraryarrows.code.tex 2021/05/15 v3.1.9a (3.1.9a)
 (/Library/Application Support/MiKTeX/texmfs/install/tex/generic/pgf/libraries/pgflibraryarrows.code.tex
File: pgflibraryarrows.code.tex 2021/05/15 v3.1.9a (3.1.9a)
\arrowsize=\dimen316
)) (/Library/Application Support/MiKTeX/texmfs/install/tex/generic/pgf/frontendlayer/tikz/libraries/tikzlibraryshapes.code.tex
File: tikzlibraryshapes.code.tex 2021/05/15 v3.1.9a (3.1.9a)
 (/Library/Application Support/MiKTeX/texmfs/install/tex/generic/pgf/frontendlayer/tikz/libraries/tikzlibraryshapes.geometric.code.tex
File: tikzlibraryshapes.geometric.code.tex 2021/05/15 v3.1.9a (3.1.9a)
 (/Library/Application Support/MiKTeX/texmfs/install/tex/generic/pgf/libraries/shapes/pgflibraryshapes.geometric.code.tex
File: pgflibraryshapes.geometric.code.tex 2021/05/15 v3.1.9a (3.1.9a)
)) (/Library/Application Support/MiKTeX/texmfs/install/tex/generic/pgf/frontendlayer/tikz/libraries/tikzlibraryshapes.misc.code.tex
File: tikzlibraryshapes.misc.code.tex 2021/05/15 v3.1.9a (3.1.9a)
 (/Library/Application Support/MiKTeX/texmfs/install/tex/generic/pgf/libraries/shapes/pgflibraryshapes.misc.code.tex
File: pgflibraryshapes.misc.code.tex 2021/05/15 v3.1.9a (3.1.9a)
)) (/Library/Application Support/MiKTeX/texmfs/install/tex/generic/pgf/frontendlayer/tikz/libraries/tikzlibraryshapes.symbols.code.tex
File: tikzlibraryshapes.symbols.code.tex 2021/05/15 v3.1.9a (3.1.9a)
 (/Library/Application Support/MiKTeX/texmfs/install/tex/generic/pgf/libraries/shapes/pgflibraryshapes.symbols.code.tex
File: pgflibraryshapes.symbols.code.tex 2021/05/15 v3.1.9a (3.1.9a)
)) (/Library/Application Support/MiKTeX/texmfs/install/tex/generic/pgf/frontendlayer/tikz/libraries/tikzlibraryshapes.arrows.code.tex
File: tikzlibraryshapes.arrows.code.tex 2021/05/15 v3.1.9a (3.1.9a)
 (/Library/Application Support/MiKTeX/texmfs/install/tex/generic/pgf/libraries/shapes/pgflibraryshapes.arrows.code.tex
File: pgflibraryshapes.arrows.code.tex 2021/05/15 v3.1.9a (3.1.9a)
)) (/Library/Application Support/MiKTeX/texmfs/install/tex/generic/pgf/frontendlayer/tikz/libraries/tikzlibraryshapes.callouts.code.tex (/Library/Application Support/MiKTeX/texmfs/install/tex/generic/pgf/libraries/shapes/pgflibraryshapes.callouts.code.tex)) (/Library/Application Support/MiKTeX/texmfs/install/tex/generic/pgf/frontendlayer/tikz/libraries/tikzlibraryshapes.multipart.code.tex
File: tikzlibraryshapes.multipart.code.tex 2021/05/15 v3.1.9a (3.1.9a)
 (/Library/Application Support/MiKTeX/texmfs/install/tex/generic/pgf/libraries/shapes/pgflibraryshapes.multipart.code.tex
File: pgflibraryshapes.multipart.code.tex 2021/05/15 v3.1.9a (3.1.9a)
\pgfnodepartlowerbox=\box71
\pgfnodeparttwobox=\box72
\pgfnodepartthreebox=\box73
\pgfnodepartfourbox=\box74
\pgfnodeparttwentybox=\box75
\pgfnodepartnineteenbox=\box76
\pgfnodeparteighteenbox=\box77
\pgfnodepartseventeenbox=\box78
\pgfnodepartsixteenbox=\box79
\pgfnodepartfifteenbox=\box80
\pgfnodepartfourteenbox=\box81
\pgfnodepartthirteenbox=\box82
\pgfnodeparttwelvebox=\box83
\pgfnodepartelevenbox=\box84
\pgfnodeparttenbox=\box85
\pgfnodepartninebox=\box86
\pgfnodeparteightbox=\box87
\pgfnodepartsevenbox=\box88
\pgfnodepartsixbox=\box89
\pgfnodepartfivebox=\box90
)))
Package hyperref Info: Option `colorlinks' set `true' on input line 149.
 (/Users/marksu/Library/Application Support/MiKTeX/texmfs/install/tex/latex/algorithms/algorithm.sty
Package: algorithm 2009/08/24 v0.1 Document Style `algorithm' - floating environment
 (/Users/marksu/Library/Application Support/MiKTeX/texmfs/install/tex/latex/float/float.sty
Package: float 2001/11/08 v1.3d Float enhancements (AL)
\c@float@type=\count332
\float@exts=\toks46
\float@box=\box91
\@float@everytoks=\toks47
\@floatcapt=\box92
) (/Library/Application Support/MiKTeX/texmfs/install/tex/latex/base/ifthen.sty
Package: ifthen 2020/11/24 v1.1c Standard LaTeX ifthen package (DPC)
)
\@float@every@algorithm=\toks48
\c@algorithm=\count333
) (/Users/marksu/Library/Application Support/MiKTeX/texmfs/install/tex/latex/algorithmicx/algpseudocode.sty
Package: algpseudocode 
 (/Users/marksu/Library/Application Support/MiKTeX/texmfs/install/tex/latex/algorithmicx/algorithmicx.sty
Package: algorithmicx 2005/04/27 v1.2 Algorithmicx

Document Style algorithmicx 1.2 - a greatly improved `algorithmic' style
\c@ALG@line=\count334
\c@ALG@rem=\count335
\c@ALG@nested=\count336
\ALG@tlm=\skip78
\ALG@thistlm=\skip79
\c@ALG@Lnr=\count337
\c@ALG@blocknr=\count338
\c@ALG@storecount=\count339
\c@ALG@tmpcounter=\count340
\ALG@tmplength=\skip80
)
Document Style - pseudocode environments for use with the `algorithmicx' style
) (/Library/Application Support/MiKTeX/texmfs/install/tex/latex/tools/enumerate.sty
Package: enumerate 2015/07/23 v3.00 enumerate extensions (DPC)
\@enLab=\toks49
) (/Library/Application Support/MiKTeX/texmfs/install/tex/latex/l3backend/l3backend-pdftex.def
File: l3backend-pdftex.def 2021-05-07 L3 backend support: PDF output (pdfTeX)
\l__color_backend_stack_int=\count341
\l__pdf_internal_box=\box93
)

LaTeX Warning: Unused global option(s):
    [pa4paper].

(main.aux)
\openout1 = `main.aux'.

LaTeX Font Info:    Checking defaults for OML/cmm/m/it on input line 202.
LaTeX Font Info:    ... okay on input line 202.
LaTeX Font Info:    Checking defaults for OMS/cmsy/m/n on input line 202.
LaTeX Font Info:    ... okay on input line 202.
LaTeX Font Info:    Checking defaults for OT1/cmr/m/n on input line 202.
LaTeX Font Info:    ... okay on input line 202.
LaTeX Font Info:    Checking defaults for T1/cmr/m/n on input line 202.
LaTeX Font Info:    ... okay on input line 202.
LaTeX Font Info:    Checking defaults for TS1/cmr/m/n on input line 202.
LaTeX Font Info:    ... okay on input line 202.
LaTeX Font Info:    Checking defaults for OMX/cmex/m/n on input line 202.
LaTeX Font Info:    ... okay on input line 202.
LaTeX Font Info:    Checking defaults for U/cmr/m/n on input line 202.
LaTeX Font Info:    ... okay on input line 202.
LaTeX Font Info:    Checking defaults for C00/song/m/n on input line 202.
LaTeX Font Info:    ... okay on input line 202.
LaTeX Font Info:    Checking defaults for C05/song/m/n on input line 202.
LaTeX Font Info:    ... okay on input line 202.
LaTeX Font Info:    Checking defaults for C09/song/m/n on input line 202.
LaTeX Font Info:    ... okay on input line 202.
LaTeX Font Info:    Checking defaults for C10/song/m/n on input line 202.
LaTeX Font Info:    ... okay on input line 202.
LaTeX Font Info:    Checking defaults for C20/song/m/n on input line 202.
LaTeX Font Info:    ... okay on input line 202.
LaTeX Font Info:    Checking defaults for C19/song/m/n on input line 202.
LaTeX Font Info:    ... okay on input line 202.
LaTeX Font Info:    Checking defaults for C40/song/m/n on input line 202.
LaTeX Font Info:    ... okay on input line 202.
LaTeX Font Info:    Checking defaults for C42/song/m/n on input line 202.
LaTeX Font Info:    ... okay on input line 202.
LaTeX Font Info:    Checking defaults for C43/song/m/n on input line 202.
LaTeX Font Info:    ... okay on input line 202.
LaTeX Font Info:    Checking defaults for C50/song/m/n on input line 202.
LaTeX Font Info:    ... okay on input line 202.
LaTeX Font Info:    Checking defaults for C52/song/m/n on input line 202.
LaTeX Font Info:    ... okay on input line 202.
LaTeX Font Info:    Checking defaults for C49/song/m/n on input line 202.
LaTeX Font Info:    ... okay on input line 202.
LaTeX Font Info:    Checking defaults for C60/mj/m/n on input line 202.
LaTeX Font Info:    ... okay on input line 202.
LaTeX Font Info:    Checking defaults for C61/mj/m/n on input line 202.
LaTeX Font Info:    ... okay on input line 202.
LaTeX Font Info:    Checking defaults for C63/mj/m/n on input line 202.
LaTeX Font Info:    ... okay on input line 202.
LaTeX Font Info:    Checking defaults for C64/mj/m/n on input line 202.
LaTeX Font Info:    ... okay on input line 202.
LaTeX Font Info:    Checking defaults for C65/mj/m/n on input line 202.
LaTeX Font Info:    ... okay on input line 202.
LaTeX Font Info:    Checking defaults for C70/song/m/n on input line 202.
LaTeX Font Info:    ... okay on input line 202.
LaTeX Font Info:    Checking defaults for C31/song/m/n on input line 202.
LaTeX Font Info:    ... okay on input line 202.
LaTeX Font Info:    Checking defaults for C32/song/m/n on input line 202.
LaTeX Font Info:    ... okay on input line 202.
LaTeX Font Info:    Checking defaults for C33/song/m/n on input line 202.
LaTeX Font Info:    ... okay on input line 202.
LaTeX Font Info:    Checking defaults for C34/song/m/n on input line 202.
LaTeX Font Info:    ... okay on input line 202.
LaTeX Font Info:    Checking defaults for C35/song/m/n on input line 202.
LaTeX Font Info:    ... okay on input line 202.
LaTeX Font Info:    Checking defaults for C36/song/m/n on input line 202.
LaTeX Font Info:    ... okay on input line 202.
LaTeX Font Info:    Checking defaults for C37/song/m/n on input line 202.
LaTeX Font Info:    ... okay on input line 202.
LaTeX Font Info:    Checking defaults for C80/song/m/n on input line 202.
LaTeX Font Info:    ... okay on input line 202.
LaTeX Font Info:    Checking defaults for C81/song/m/n on input line 202.
LaTeX Font Info:    ... okay on input line 202.
LaTeX Font Info:    Checking defaults for C01/song/m/n on input line 202.
LaTeX Font Info:    ... okay on input line 202.
LaTeX Font Info:    Checking defaults for C11/song/m/n on input line 202.
LaTeX Font Info:    ... okay on input line 202.
LaTeX Font Info:    Checking defaults for C21/song/m/n on input line 202.
LaTeX Font Info:    ... okay on input line 202.
LaTeX Font Info:    Checking defaults for C41/song/m/n on input line 202.
LaTeX Font Info:    ... okay on input line 202.
LaTeX Font Info:    Checking defaults for C62/song/m/n on input line 202.
LaTeX Font Info:    ... okay on input line 202.
LaTeX Font Info:    Checking defaults for PD1/pdf/m/n on input line 202.
LaTeX Font Info:    ... okay on input line 202.
LaTeX Font Info:    Checking defaults for PU/pdf/m/n on input line 202.
LaTeX Font Info:    ... okay on input line 202.

*geometry* driver: auto-detecting
*geometry* detected driver: pdftex
*geometry* verbose mode - [ preamble ] result:
* driver: pdftex
* paper: a4paper
* layout: <same size as paper>
* layoutoffset:(h,v)=(0.0pt,0.0pt)
* modes: 
* h-part:(L,W,R)=(71.13188pt, 441.01773pt, 85.35826pt)
* v-part:(T,H,B)=(65.44142pt, 694.24716pt, 85.35826pt)
* \paperwidth=597.50787pt
* \paperheight=845.04684pt
* \textwidth=441.01773pt
* \textheight=694.24716pt
* \oddsidemargin=-1.1381pt
* \evensidemargin=-1.1381pt
* \topmargin=-43.82857pt
* \headheight=12.0pt
* \headsep=25.0pt
* \topskip=12.0pt
* \footskip=30.0pt
* \marginparwidth=44.0pt
* \marginparsep=10.0pt
* \columnsep=10.0pt
* \skip\footins=10.8pt plus 4.0pt minus 2.0pt
* \hoffset=0.0pt
* \voffset=0.0pt
* \mag=1000
* \@twocolumnfalse
* \@twosidefalse
* \@mparswitchfalse
* \@reversemarginfalse
* (1in=72.27pt=25.4mm, 1cm=28.453pt)

Package caption Info: Begin \AtBeginDocument code.
Package caption Info: float package is loaded.
Package caption Info: hyperref package is loaded.
Package caption Info: listings package is loaded.
Package caption Info: subfigure package is loaded.
Package caption Info: threeparttable package is loaded.
Package caption Info: End \AtBeginDocument code.
(/Library/Application Support/MiKTeX/texmfs/install/tex/context/base/mkii/supp-pdf.mkii
[Loading MPS to PDF converter (version 2006.09.02).]
\scratchcounter=\count342
\scratchdimen=\dimen317
\scratchbox=\box94
\nofMPsegments=\count343
\nofMParguments=\count344
\everyMPshowfont=\toks50
\MPscratchCnt=\count345
\MPscratchDim=\dimen318
\MPnumerator=\count346
\makeMPintoPDFobject=\count347
\everyMPtoPDFconversion=\toks51
) (/Library/Application Support/MiKTeX/texmfs/install/tex/latex/epstopdf-pkg/epstopdf-base.sty
Package: epstopdf-base 2020-01-24 v2.11 Base part for package epstopdf
Package epstopdf-base Info: Redefining graphics rule for `.eps' on input line 485.
 (/Library/Application Support/MiKTeX/texmfs/install/tex/latex/00miktex/epstopdf-sys.cfg
File: epstopdf-sys.cfg 2021/03/18 v2.0 Configuration of epstopdf for MiKTeX
))
\c@lstlisting=\count348
Package hyperref Info: Link coloring ON on input line 202.
 (/Library/Application Support/MiKTeX/texmfs/install/tex/latex/hyperref/nameref.sty
Package: nameref 2021-04-02 v2.47 Cross-referencing by name of section
 (/Users/marksu/Library/Application Support/MiKTeX/texmfs/install/tex/latex/refcount/refcount.sty
Package: refcount 2019/12/15 v3.6 Data extraction from label references (HO)
) (/Users/marksu/Library/Application Support/MiKTeX/texmfs/install/tex/generic/gettitlestring/gettitlestring.sty
Package: gettitlestring 2019/12/15 v1.6 Cleanup title references (HO)
)
\c@section@level=\count349
)
LaTeX Info: Redefining \ref on input line 202.
LaTeX Info: Redefining \pageref on input line 202.
LaTeX Info: Redefining \nameref on input line 202.
 (main.out) (main.out)
\@outlinefile=\write5
\openout5 = `main.out'.

 (/Users/marksu/Library/Application Support/MiKTeX/texmfs/install/tex/latex/cjk/UTF8/UTF8.bdg
File: UTF8.bdg 2015/04/18 4.8.4
) (/Users/marksu/Library/Application Support/MiKTeX/texmfs/install/tex/latex/cjk/UTF8/UTF8.enc
File: UTF8.enc 2015/04/18 4.8.4
) (/Users/marksu/Library/Application Support/MiKTeX/texmfs/install/tex/latex/cjk/UTF8/UTF8.chr
File: UTF8.chr 2015/04/18 4.8.4
)
LaTeX Font Info:    Trying to load font information for C70+bkai on input line 218.
 (/Users/marksu/Library/Application Support/MiKTeX/texmfs/install/tex/latex/cjk/UTF8/c70bkai.fd
File: c70bkai.fd 2015/04/18 4.8.4
) (/Users/marksu/Library/Application Support/MiKTeX/texmfs/install/tex/latex/cjk/UTF8/c70bkai.fdx
File: c70bkai.fdx 2015/04/18 4.8.4
) (header/ncku_definitions.tex) (frontpages/ncku_frontpages.tex [1
Non-PDF special ignored!
<special> header=psfrag.pro

{/Users/marksu/Library/Application Support/MiKTeX/texmfs/data/pdftex/config/pdftex.map}]
LaTeX Font Info:    Trying to load font information for U+rsfs on input line 63.
 (/Users/marksu/Library/Application Support/MiKTeX/texmfs/install/tex/latex/jknappen/ursfs.fd
File: ursfs.fd 1998/03/24 rsfs font definition file (jk)
) (frontpages/front_cabstract.tex

Package fancyhdr Warning: \headheight is too small (12.0pt): 
(fancyhdr)                Make it at least 14.49998pt, for example:
(fancyhdr)                \setlength{\headheight}{14.49998pt}.
(fancyhdr)                You might also make \topmargin smaller to compensate:
(fancyhdr)                \addtolength{\topmargin}{-2.49998pt}.

[1 <./header/ncku_watermark.jpg>]
Missing character: There is no  in font bkaiu82!
)

Package fancyhdr Warning: \headheight is too small (12.0pt): 
(fancyhdr)                Make it at least 14.49998pt, for example:
(fancyhdr)                \setlength{\headheight}{14.49998pt}.
(fancyhdr)                You might also make \topmargin smaller to compensate:
(fancyhdr)                \addtolength{\topmargin}{-2.49998pt}.

[2] (frontpages/front_eabstract.tex

Package fancyhdr Warning: \headheight is too small (12.0pt): 
(fancyhdr)                Make it at least 14.49998pt, for example:
(fancyhdr)                \setlength{\headheight}{14.49998pt}.
(fancyhdr)                You might also make \topmargin smaller to compensate:
(fancyhdr)                \addtolength{\topmargin}{-2.49998pt}.

[3]

Package fancyhdr Warning: \headheight is too small (12.0pt): 
(fancyhdr)                Make it at least 14.49998pt, for example:
(fancyhdr)                \setlength{\headheight}{14.49998pt}.
(fancyhdr)                You might also make \topmargin smaller to compensate:
(fancyhdr)                \addtolength{\topmargin}{-2.49998pt}.

[4])

Package fancyhdr Warning: \headheight is too small (12.0pt): 
(fancyhdr)                Make it at least 14.49998pt, for example:
(fancyhdr)                \setlength{\headheight}{14.49998pt}.
(fancyhdr)                You might also make \topmargin smaller to compensate:
(fancyhdr)                \addtolength{\topmargin}{-2.49998pt}.

[5] (frontpages/front_ackn.tex)

Package fancyhdr Warning: \headheight is too small (12.0pt): 
(fancyhdr)                Make it at least 14.49998pt, for example:
(fancyhdr)                \setlength{\headheight}{14.49998pt}.
(fancyhdr)                You might also make \topmargin smaller to compensate:
(fancyhdr)                \addtolength{\topmargin}{-2.49998pt}.

[6] (main.toc

Package fancyhdr Warning: \headheight is too small (12.0pt): 
(fancyhdr)                Make it at least 14.49998pt, for example:
(fancyhdr)                \setlength{\headheight}{14.49998pt}.
(fancyhdr)                You might also make \topmargin smaller to compensate:
(fancyhdr)                \addtolength{\topmargin}{-2.49998pt}.

[7

])
\tf@toc=\write6
\openout6 = `main.toc'.



Package fancyhdr Warning: \headheight is too small (12.0pt): 
(fancyhdr)                Make it at least 14.49998pt, for example:
(fancyhdr)                \setlength{\headheight}{14.49998pt}.
(fancyhdr)                You might also make \topmargin smaller to compensate:
(fancyhdr)                \addtolength{\topmargin}{-2.49998pt}.

[8] (main.lot)
\tf@lot=\write7
\openout7 = `main.lot'.



Package fancyhdr Warning: \headheight is too small (12.0pt): 
(fancyhdr)                Make it at least 14.49998pt, for example:
(fancyhdr)                \setlength{\headheight}{14.49998pt}.
(fancyhdr)                You might also make \topmargin smaller to compensate:
(fancyhdr)                \addtolength{\topmargin}{-2.49998pt}.

[9

] (main.lof

Package fancyhdr Warning: \headheight is too small (12.0pt): 
(fancyhdr)                Make it at least 14.49998pt, for example:
(fancyhdr)                \setlength{\headheight}{14.49998pt}.
(fancyhdr)                You might also make \topmargin smaller to compensate:
(fancyhdr)                \addtolength{\topmargin}{-2.49998pt}.

[10

])
\tf@lof=\write8
\openout8 = `main.lof'.



Package fancyhdr Warning: \headheight is too small (12.0pt): 
(fancyhdr)                Make it at least 14.49998pt, for example:
(fancyhdr)                \setlength{\headheight}{14.49998pt}.
(fancyhdr)                You might also make \topmargin smaller to compensate:
(fancyhdr)                \addtolength{\topmargin}{-2.49998pt}.

[11]) (body/main.tex
Chapter 1.
(body/1-introduction.tex

LaTeX Warning: Citation `nielsen2011genotype' on page 1 undefined on input line 6.


LaTeX Warning: Citation `poplin2018scaling' on page 1 undefined on input line 8.


LaTeX Warning: Citation `saunders2012strelka' on page 1 undefined on input line 8.


LaTeX Warning: Citation `garrison2012haplotype' on page 1 undefined on input line 8.


LaTeX Warning: Citation `poplin2018universal' on page 1 undefined on input line 8.


LaTeX Warning: Citation `koboldt2020best' on page 1 undefined on input line 10.


LaTeX Warning: Citation `bian2018comparing' on page 1 undefined on input line 12.


LaTeX Warning: Citation `chen2019systematic' on page 1 undefined on input line 12.


LaTeX Warning: Citation `hwang2015systematic' on page 1 undefined on input line 12.


LaTeX Warning: Citation `zhao2020accuracy' on page 1 undefined on input line 12.


LaTeX Warning: Citation `tian2015computational' on page 1 undefined on input line 12.


LaTeX Warning: Citation `sehn2015insertions' on page 1 undefined on input line 12.


LaTeX Warning: Citation `montgomery2013origin' on page 1 undefined on input line 12.


Package fancyhdr Warning: \headheight is too small (12.0pt): 
(fancyhdr)                Make it at least 14.49998pt, for example:
(fancyhdr)                \setlength{\headheight}{14.49998pt}.
(fancyhdr)                You might also make \topmargin smaller to compensate:
(fancyhdr)                \addtolength{\topmargin}{-2.49998pt}.

pdfTeX warning (ext4): destination with the same identifier (name{page.1}) has been already used, duplicate ignored
<to be read again> 
                   \relax 
l.13 
      [1

]

LaTeX Warning: Citation `kuo2018eagle' on page 2 undefined on input line 15.


LaTeX Warning: Citation `sousa2013understanding' on page 2 undefined on input line 19.


Package fancyhdr Warning: \headheight is too small (12.0pt): 
(fancyhdr)                Make it at least 14.49998pt, for example:
(fancyhdr)                \setlength{\headheight}{14.49998pt}.
(fancyhdr)                You might also make \topmargin smaller to compensate:
(fancyhdr)                \addtolength{\topmargin}{-2.49998pt}.

[2])

Package fancyhdr Warning: \headheight is too small (12.0pt): 
(fancyhdr)                Make it at least 14.49998pt, for example:
(fancyhdr)                \setlength{\headheight}{14.49998pt}.
(fancyhdr)                You might also make \topmargin smaller to compensate:
(fancyhdr)                \addtolength{\topmargin}{-2.49998pt}.

[3]
Chapter 2.
(body/2-related-works.tex

LaTeX Warning: Citation `li2009fast' on page 4 undefined on input line 4.


LaTeX Warning: Citation `li2010fast' on page 4 undefined on input line 4.


LaTeX Warning: Citation `li2013aligning' on page 4 undefined on input line 4.


LaTeX Warning: Citation `ferragina2005indexing' on page 4 undefined on input line 8.


LaTeX Warning: Citation `burrows1994block' on page 4 undefined on input line 8.


Package fancyhdr Warning: \headheight is too small (12.0pt): 
(fancyhdr)                Make it at least 14.49998pt, for example:
(fancyhdr)                \setlength{\headheight}{14.49998pt}.
(fancyhdr)                You might also make \topmargin smaller to compensate:
(fancyhdr)                \addtolength{\topmargin}{-2.49998pt}.

[4

]

LaTeX Warning: Citation `kuo2018eagle' on page 5 undefined on input line 12.

<body/image/2-1.png, id=496, 238.491pt x 237.5274pt>
File: body/image/2-1.png Graphic file (type png)
<use body/image/2-1.png>
Package pdftex.def Info: body/image/2-1.png  used on input line 16.
(pdftex.def)             Requested size: 264.61333pt x 263.56792pt.

Package fancyhdr Warning: \headheight is too small (12.0pt): 
(fancyhdr)                Make it at least 14.49998pt, for example:
(fancyhdr)                \setlength{\headheight}{14.49998pt}.
(fancyhdr)                You might also make \topmargin smaller to compensate:
(fancyhdr)                \addtolength{\topmargin}{-2.49998pt}.

[5]

LaTeX Warning: Citation `martiniano2020removing' on page 6 undefined on input line 26.


LaTeX Warning: Citation `chen2021reference' on page 6 undefined on input line 26.


LaTeX Warning: Citation `gunther2019presence' on page 6 undefined on input line 26.

<body/image/2-2.png, id=503, 417.2388pt x 207.6558pt>
File: body/image/2-2.png Graphic file (type png)
<use body/image/2-2.png>
Package pdftex.def Info: body/image/2-2.png  used on input line 30.
(pdftex.def)             Requested size: 441.01773pt x 219.49939pt.

Package fancyhdr Warning: \headheight is too small (12.0pt): 
(fancyhdr)                Make it at least 14.49998pt, for example:
(fancyhdr)                \setlength{\headheight}{14.49998pt}.
(fancyhdr)                You might also make \topmargin smaller to compensate:
(fancyhdr)                \addtolength{\topmargin}{-2.49998pt}.

[6 <./body/image/2-1.png>]

LaTeX Warning: Citation `garrison2018variation' on page 7 undefined on input line 39.


LaTeX Warning: Citation `li2020design' on page 7 undefined on input line 39.

)

Package fancyhdr Warning: \headheight is too small (12.0pt): 
(fancyhdr)                Make it at least 14.49998pt, for example:
(fancyhdr)                \setlength{\headheight}{14.49998pt}.
(fancyhdr)                You might also make \topmargin smaller to compensate:
(fancyhdr)                \addtolength{\topmargin}{-2.49998pt}.

[7 <./body/image/2-2.png>]
Chapter 3.
(body/3-method.tex
<body/image/3-1.png, id=517, 319.9152pt x 264.99pt>
File: body/image/3-1.png Graphic file (type png)
<use body/image/3-1.png>
Package pdftex.def Info: body/image/3-1.png  used on input line 17.
(pdftex.def)             Requested size: 352.81552pt x 292.24602pt.


Package fancyhdr Warning: \headheight is too small (12.0pt): 
(fancyhdr)                Make it at least 14.49998pt, for example:
(fancyhdr)                \setlength{\headheight}{14.49998pt}.
(fancyhdr)                You might also make \topmargin smaller to compensate:
(fancyhdr)                \addtolength{\topmargin}{-2.49998pt}.

[8

]
<body/image/3-2.png, id=529, 417.2388pt x 150.3216pt>
File: body/image/3-2.png Graphic file (type png)
<use body/image/3-2.png>
Package pdftex.def Info: body/image/3-2.png  used on input line 29.
(pdftex.def)             Requested size: 441.01773pt x 158.89513pt.


Package fancyhdr Warning: \headheight is too small (12.0pt): 
(fancyhdr)                Make it at least 14.49998pt, for example:
(fancyhdr)                \setlength{\headheight}{14.49998pt}.
(fancyhdr)                You might also make \topmargin smaller to compensate:
(fancyhdr)                \addtolength{\topmargin}{-2.49998pt}.

[9 <./body/image/3-1.png>]
<body/image/3-3.png, id=535, 389.2944pt x 61.1886pt>
File: body/image/3-3.png Graphic file (type png)
<use body/image/3-3.png>
Package pdftex.def Info: body/image/3-3.png  used on input line 39.
(pdftex.def)             Requested size: 441.01773pt x 69.31969pt.
<body/image/3-4.png, id=537, 417.2388pt x 349.305pt>
File: body/image/3-4.png Graphic file (type png)
<use body/image/3-4.png>
Package pdftex.def Info: body/image/3-4.png  used on input line 55.
(pdftex.def)             Requested size: 441.01773pt x 369.22751pt.


Package fancyhdr Warning: \headheight is too small (12.0pt): 
(fancyhdr)                Make it at least 14.49998pt, for example:
(fancyhdr)                \setlength{\headheight}{14.49998pt}.
(fancyhdr)                You might also make \topmargin smaller to compensate:
(fancyhdr)                \addtolength{\topmargin}{-2.49998pt}.

[10 <./body/image/3-2.png> <./body/image/3-3.png>]

Package fancyhdr Warning: \headheight is too small (12.0pt): 
(fancyhdr)                Make it at least 14.49998pt, for example:
(fancyhdr)                \setlength{\headheight}{14.49998pt}.
(fancyhdr)                You might also make \topmargin smaller to compensate:
(fancyhdr)                \addtolength{\topmargin}{-2.49998pt}.

[11 <./body/image/3-4.png>]

Package fancyhdr Warning: \headheight is too small (12.0pt): 
(fancyhdr)                Make it at least 14.49998pt, for example:
(fancyhdr)                \setlength{\headheight}{14.49998pt}.
(fancyhdr)                You might also make \topmargin smaller to compensate:
(fancyhdr)                \addtolength{\topmargin}{-2.49998pt}.

[12]
<body/image/t3-1.png, id=558, 417.2388pt x 107.9232pt>
File: body/image/t3-1.png Graphic file (type png)
<use body/image/t3-1.png>
Package pdftex.def Info: body/image/t3-1.png  used on input line 121.
(pdftex.def)             Requested size: 441.01773pt x 114.07855pt.

Overfull \hbox (12.00002pt too wide) in paragraph at lines 120--124
 [][] 
 []


Package fancyhdr Warning: \headheight is too small (12.0pt): 
(fancyhdr)                Make it at least 14.49998pt, for example:
(fancyhdr)                \setlength{\headheight}{14.49998pt}.
(fancyhdr)                You might also make \topmargin smaller to compensate:
(fancyhdr)                \addtolength{\topmargin}{-2.49998pt}.

[13 <./body/image/t3-1.png>]
<body/image/3-5.png, id=567, 417.2388pt x 92.9874pt>
File: body/image/3-5.png Graphic file (type png)
<use body/image/3-5.png>
Package pdftex.def Info: body/image/3-5.png  used on input line 136.
(pdftex.def)             Requested size: 441.01773pt x 98.29091pt.
<body/image/3-6.png, id=568, 417.2388pt x 78.0516pt>
File: body/image/3-6.png Graphic file (type png)
<use body/image/3-6.png>
Package pdftex.def Info: body/image/3-6.png  used on input line 147.
(pdftex.def)             Requested size: 441.01773pt x 82.50325pt.
<body/image/3-7.png, id=570, 417.2388pt x 112.2594pt>
File: body/image/3-7.png Graphic file (type png)
<use body/image/3-7.png>
Package pdftex.def Info: body/image/3-7.png  used on input line 159.
(pdftex.def)             Requested size: 441.01773pt x 118.66206pt.


Package fancyhdr Warning: \headheight is too small (12.0pt): 
(fancyhdr)                Make it at least 14.49998pt, for example:
(fancyhdr)                \setlength{\headheight}{14.49998pt}.
(fancyhdr)                You might also make \topmargin smaller to compensate:
(fancyhdr)                \addtolength{\topmargin}{-2.49998pt}.

[14 <./body/image/3-5.png> <./body/image/3-6.png>]
<body/image/3-8.png, id=578, 417.2388pt x 110.3322pt>
File: body/image/3-8.png Graphic file (type png)
<use body/image/3-8.png>
Package pdftex.def Info: body/image/3-8.png  used on input line 172.
(pdftex.def)             Requested size: 441.01773pt x 116.62494pt.


Package fancyhdr Warning: \headheight is too small (12.0pt): 
(fancyhdr)                Make it at least 14.49998pt, for example:
(fancyhdr)                \setlength{\headheight}{14.49998pt}.
(fancyhdr)                You might also make \topmargin smaller to compensate:
(fancyhdr)                \addtolength{\topmargin}{-2.49998pt}.

[15 <./body/image/3-7.png> <./body/image/3-8.png>]
<body/image/3-9.png, id=586, 426.393pt x 177.3024pt>
File: body/image/3-9.png Graphic file (type png)
<use body/image/3-9.png>
Package pdftex.def Info: body/image/3-9.png  used on input line 186.
(pdftex.def)             Requested size: 441.01773pt x 183.38911pt.


Package fancyhdr Warning: \headheight is too small (12.0pt): 
(fancyhdr)                Make it at least 14.49998pt, for example:
(fancyhdr)                \setlength{\headheight}{14.49998pt}.
(fancyhdr)                You might also make \topmargin smaller to compensate:
(fancyhdr)                \addtolength{\topmargin}{-2.49998pt}.

[16 <./body/image/3-9.png>]
<body/image/3-10.png, id=593, 417.2388pt x 207.6558pt>
File: body/image/3-10.png Graphic file (type png)
<use body/image/3-10.png>
Package pdftex.def Info: body/image/3-10.png  used on input line 205.
(pdftex.def)             Requested size: 441.01773pt x 219.49939pt.


Package fancyhdr Warning: \headheight is too small (12.0pt): 
(fancyhdr)                Make it at least 14.49998pt, for example:
(fancyhdr)                \setlength{\headheight}{14.49998pt}.
(fancyhdr)                You might also make \topmargin smaller to compensate:
(fancyhdr)                \addtolength{\topmargin}{-2.49998pt}.

[17 <./body/image/3-10.png>]
<body/image/3-11.png, id=604, 417.2388pt x 200.4288pt>
File: body/image/3-11.png Graphic file (type png)
<use body/image/3-11.png>
Package pdftex.def Info: body/image/3-11.png  used on input line 227.
(pdftex.def)             Requested size: 441.01773pt x 211.86018pt.
)

Package fancyhdr Warning: \headheight is too small (12.0pt): 
(fancyhdr)                Make it at least 14.49998pt, for example:
(fancyhdr)                \setlength{\headheight}{14.49998pt}.
(fancyhdr)                You might also make \topmargin smaller to compensate:
(fancyhdr)                \addtolength{\topmargin}{-2.49998pt}.

[18 <./body/image/3-11.png>]
Chapter 4.
(body/4-experiment.tex

Package fancyhdr Warning: \headheight is too small (12.0pt): 
(fancyhdr)                Make it at least 14.49998pt, for example:
(fancyhdr)                \setlength{\headheight}{14.49998pt}.
(fancyhdr)                You might also make \topmargin smaller to compensate:
(fancyhdr)                \addtolength{\topmargin}{-2.49998pt}.

[19

]
<body/image/4-1.png, id=616, 417.2388pt x 171.5208pt>
File: body/image/4-1.png Graphic file (type png)
<use body/image/4-1.png>
Package pdftex.def Info: body/image/4-1.png  used on input line 21.
(pdftex.def)             Requested size: 441.01773pt x 181.30344pt.


Package fancyhdr Warning: \headheight is too small (12.0pt): 
(fancyhdr)                Make it at least 14.49998pt, for example:
(fancyhdr)                \setlength{\headheight}{14.49998pt}.
(fancyhdr)                You might also make \topmargin smaller to compensate:
(fancyhdr)                \addtolength{\topmargin}{-2.49998pt}.

[20 <./body/image/4-1.png>]
<body/image/4-2.png, id=623, 366.168pt x 141.1674pt>
File: body/image/4-2.png Graphic file (type png)
<use body/image/4-2.png>
Package pdftex.def Info: body/image/4-2.png  used on input line 34.
(pdftex.def)             Requested size: 441.01773pt x 170.02682pt.
<body/image/t4-1.png, id=625, 722.7pt x 144.54pt>
File: body/image/t4-1.png Graphic file (type png)
<use body/image/t4-1.png>
Package pdftex.def Info: body/image/t4-1.png  used on input line 50.
(pdftex.def)             Requested size: 441.01773pt x 88.20454pt.

Overfull \hbox (12.00002pt too wide) in paragraph at lines 49--53
 [][] 
 []


Package fancyhdr Warning: \headheight is too small (12.0pt): 
(fancyhdr)                Make it at least 14.49998pt, for example:
(fancyhdr)                \setlength{\headheight}{14.49998pt}.
(fancyhdr)                You might also make \topmargin smaller to compensate:
(fancyhdr)                \addtolength{\topmargin}{-2.49998pt}.

[21 <./body/image/4-2.png> <./body/image/t4-1.png>]
Missing character: There is no a in font bkaiu20!
<body/image/t4-2.png, id=634, 416.2752pt x 76.1244pt>
File: body/image/t4-2.png Graphic file (type png)
<use body/image/t4-2.png>
Package pdftex.def Info: body/image/t4-2.png  used on input line 75.
(pdftex.def)             Requested size: 441.01773pt x 80.65314pt.

Overfull \hbox (12.00002pt too wide) in paragraph at lines 74--80
 [][] 
 []


Package fancyhdr Warning: \headheight is too small (12.0pt): 
(fancyhdr)                Make it at least 14.49998pt, for example:
(fancyhdr)                \setlength{\headheight}{14.49998pt}.
(fancyhdr)                You might also make \topmargin smaller to compensate:
(fancyhdr)                \addtolength{\topmargin}{-2.49998pt}.

[22 <./body/image/t4-2.png>]
<body/image/t4-3.png, id=641, 417.2388pt x 62.1522pt>
File: body/image/t4-3.png Graphic file (type png)
<use body/image/t4-3.png>
Package pdftex.def Info: body/image/t4-3.png  used on input line 91.
(pdftex.def)             Requested size: 441.01773pt x 65.69702pt.

Overfull \hbox (12.00002pt too wide) in paragraph at lines 90--94
 [][] 
 []

<body/image/4-3.png, id=643, 417.2388pt x 86.2422pt>
File: body/image/4-3.png Graphic file (type png)
<use body/image/4-3.png>
Package pdftex.def Info: body/image/4-3.png  used on input line 102.
(pdftex.def)             Requested size: 441.01773pt x 91.16098pt.
<body/image/4-4.png, id=645, 416.2752pt x 34.6896pt>
File: body/image/4-4.png Graphic file (type png)
<use body/image/4-4.png>
Package pdftex.def Info: body/image/4-4.png  used on input line 115.
(pdftex.def)             Requested size: 441.01773pt x 36.75333pt.

Package fancyhdr Warning: \headheight is too small (12.0pt): 
(fancyhdr)                Make it at least 14.49998pt, for example:
(fancyhdr)                \setlength{\headheight}{14.49998pt}.
(fancyhdr)                You might also make \topmargin smaller to compensate:
(fancyhdr)                \addtolength{\topmargin}{-2.49998pt}.

[23 <./body/image/t4-3.png> <./body/image/4-3.png> <./body/image/4-4.png>]
<body/image/4-5.png, id=653, 250.536pt x 242.8272pt>
File: body/image/4-5.png Graphic file (type png)
<use body/image/4-5.png>
Package pdftex.def Info: body/image/4-5.png  used on input line 131.
(pdftex.def)             Requested size: 264.61333pt x 256.47299pt.
<body/image/4-6.png, id=656, 256.7994pt x 240.4182pt>
File: body/image/4-6.png Graphic file (type png)
<use body/image/4-6.png>
Package pdftex.def Info: body/image/4-6.png  used on input line 145.
(pdftex.def)             Requested size: 264.61333pt x 247.74722pt.


Package fancyhdr Warning: \headheight is too small (12.0pt): 
(fancyhdr)                Make it at least 14.49998pt, for example:
(fancyhdr)                \setlength{\headheight}{14.49998pt}.
(fancyhdr)                You might also make \topmargin smaller to compensate:
(fancyhdr)                \addtolength{\topmargin}{-2.49998pt}.

[24 <./body/image/4-5.png>]
<body/image/t4-4.png, id=663, 416.2752pt x 77.088pt>
File: body/image/t4-4.png Graphic file (type png)
<use body/image/t4-4.png>
Package pdftex.def Info: body/image/t4-4.png  used on input line 162.
(pdftex.def)             Requested size: 441.01773pt x 81.67406pt.

Overfull \hbox (12.00002pt too wide) in paragraph at lines 161--167
 [][] 
 []


Package fancyhdr Warning: \headheight is too small (12.0pt): 
(fancyhdr)                Make it at least 14.49998pt, for example:
(fancyhdr)                \setlength{\headheight}{14.49998pt}.
(fancyhdr)                You might also make \topmargin smaller to compensate:
(fancyhdr)                \addtolength{\topmargin}{-2.49998pt}.

[25 <./body/image/4-6.png> <./body/image/t4-4.png>]
<body/image/t4-5.png, id=672, 417.2388pt x 62.1522pt>
File: body/image/t4-5.png Graphic file (type png)
<use body/image/t4-5.png>
Package pdftex.def Info: body/image/t4-5.png  used on input line 178.
(pdftex.def)             Requested size: 441.01773pt x 65.69702pt.

Overfull \hbox (12.00002pt too wide) in paragraph at lines 177--181
 [][] 
 []

<body/image/4-7.png, id=676, 417.2388pt x 141.1674pt>
File: body/image/4-7.png Graphic file (type png)
<use body/image/4-7.png>
Package pdftex.def Info: body/image/4-7.png  used on input line 188.
(pdftex.def)             Requested size: 441.01773pt x 149.21883pt.
<body/image/4-8.png, id=677, 417.2388pt x 171.5208pt>
File: body/image/4-8.png Graphic file (type png)
<use body/image/4-8.png>
Package pdftex.def Info: body/image/4-8.png  used on input line 198.
(pdftex.def)             Requested size: 441.01773pt x 181.30344pt.

Package fancyhdr Warning: \headheight is too small (12.0pt): 
(fancyhdr)                Make it at least 14.49998pt, for example:
(fancyhdr)                \setlength{\headheight}{14.49998pt}.
(fancyhdr)                You might also make \topmargin smaller to compensate:
(fancyhdr)                \addtolength{\topmargin}{-2.49998pt}.

[26 <./body/image/t4-5.png> <./body/image/4-7.png>]
<body/image/4-9.png, id=685, 417.2388pt x 168.63pt>
File: body/image/4-9.png Graphic file (type png)
<use body/image/4-9.png>
Package pdftex.def Info: body/image/4-9.png  used on input line 211.
(pdftex.def)             Requested size: 441.01773pt x 178.24776pt.
<body/image/4-10.png, id=686, 260.6538pt x 243.7908pt>
File: body/image/4-10.png Graphic file (type png)
<use body/image/4-10.png>
Package pdftex.def Info: body/image/4-10.png  used on input line 221.
(pdftex.def)             Requested size: 264.61333pt x 247.51758pt.


Package fancyhdr Warning: \headheight is too small (12.0pt): 
(fancyhdr)                Make it at least 14.49998pt, for example:
(fancyhdr)                \setlength{\headheight}{14.49998pt}.
(fancyhdr)                You might also make \topmargin smaller to compensate:
(fancyhdr)                \addtolength{\topmargin}{-2.49998pt}.

[27 <./body/image/4-8.png> <./body/image/4-9.png>]
<body/image/4-11.png, id=694, 255.8358pt x 246.6816pt>
File: body/image/4-11.png Graphic file (type png)
<use body/image/4-11.png>
Package pdftex.def Info: body/image/4-11.png  used on input line 233.
(pdftex.def)             Requested size: 264.61333pt x 255.16515pt.


Package fancyhdr Warning: \headheight is too small (12.0pt): 
(fancyhdr)                Make it at least 14.49998pt, for example:
(fancyhdr)                \setlength{\headheight}{14.49998pt}.
(fancyhdr)                You might also make \topmargin smaller to compensate:
(fancyhdr)                \addtolength{\topmargin}{-2.49998pt}.

[28 <./body/image/4-10.png>]
<body/image/4-12.png, id=702, 417.2388pt x 118.041pt>
File: body/image/4-12.png Graphic file (type png)
<use body/image/4-12.png>
Package pdftex.def Info: body/image/4-12.png  used on input line 248.
(pdftex.def)             Requested size: 441.01773pt x 124.77342pt.
<body/image/t4-6.png, id=703, 416.2752pt x 77.088pt>
File: body/image/t4-6.png Graphic file (type png)
<use body/image/t4-6.png>
Package pdftex.def Info: body/image/t4-6.png  used on input line 262.
(pdftex.def)             Requested size: 441.01773pt x 81.67406pt.

Overfull \hbox (12.00002pt too wide) in paragraph at lines 261--267
 [][] 
 []


Package fancyhdr Warning: \headheight is too small (12.0pt): 
(fancyhdr)                Make it at least 14.49998pt, for example:
(fancyhdr)                \setlength{\headheight}{14.49998pt}.
(fancyhdr)                You might also make \topmargin smaller to compensate:
(fancyhdr)                \addtolength{\topmargin}{-2.49998pt}.

[29 <./body/image/4-11.png> <./body/image/4-12.png>]
<body/image/t4-7.png, id=711, 417.2388pt x 62.1522pt>
File: body/image/t4-7.png Graphic file (type png)
<use body/image/t4-7.png>
Package pdftex.def Info: body/image/t4-7.png  used on input line 278.
(pdftex.def)             Requested size: 441.01773pt x 65.69702pt.

Overfull \hbox (12.00002pt too wide) in paragraph at lines 277--281
 [][] 
 []

<body/image/4-13.png, id=715, 417.2388pt x 185.493pt>
File: body/image/4-13.png Graphic file (type png)
<use body/image/4-13.png>
Package pdftex.def Info: body/image/4-13.png  used on input line 291.
(pdftex.def)             Requested size: 441.01773pt x 196.07254pt.
<body/image/4-14.png, id=716, 417.2388pt x 182.6022pt>
File: body/image/4-14.png Graphic file (type png)
<use body/image/4-14.png>
Package pdftex.def Info: body/image/4-14.png  used on input line 301.
(pdftex.def)             Requested size: 441.01773pt x 193.01686pt.

Package fancyhdr Warning: \headheight is too small (12.0pt): 
(fancyhdr)                Make it at least 14.49998pt, for example:
(fancyhdr)                \setlength{\headheight}{14.49998pt}.
(fancyhdr)                You might also make \topmargin smaller to compensate:
(fancyhdr)                \addtolength{\topmargin}{-2.49998pt}.

[30 <./body/image/t4-6.png> <./body/image/t4-7.png>]
<body/image/4-15.png, id=724, 262.581pt x 242.8272pt>
File: body/image/4-15.png Graphic file (type png)
<use body/image/4-15.png>
Package pdftex.def Info: body/image/4-15.png  used on input line 313.
(pdftex.def)             Requested size: 264.61333pt x 244.71997pt.


Package fancyhdr Warning: \headheight is too small (12.0pt): 
(fancyhdr)                Make it at least 14.49998pt, for example:
(fancyhdr)                \setlength{\headheight}{14.49998pt}.
(fancyhdr)                You might also make \topmargin smaller to compensate:
(fancyhdr)                \addtolength{\topmargin}{-2.49998pt}.

[31 <./body/image/4-13.png> <./body/image/4-14.png>]
<body/image/4-16.png, id=732, 256.7994pt x 244.7544pt>
File: body/image/4-16.png Graphic file (type png)
<use body/image/4-16.png>
Package pdftex.def Info: body/image/4-16.png  used on input line 324.
(pdftex.def)             Requested size: 264.61333pt x 252.2156pt.


Package fancyhdr Warning: \headheight is too small (12.0pt): 
(fancyhdr)                Make it at least 14.49998pt, for example:
(fancyhdr)                \setlength{\headheight}{14.49998pt}.
(fancyhdr)                You might also make \topmargin smaller to compensate:
(fancyhdr)                \addtolength{\topmargin}{-2.49998pt}.

[32 <./body/image/4-15.png> <./body/image/4-16.png>]
<body/image/4-17.png, id=743, 417.2388pt x 179.2296pt>
File: body/image/4-17.png Graphic file (type png)
<use body/image/4-17.png>
Package pdftex.def Info: body/image/4-17.png  used on input line 339.
(pdftex.def)             Requested size: 441.01773pt x 189.45189pt.
<body/image/4-18.png, id=744, 417.2388pt x 168.63pt>
File: body/image/4-18.png Graphic file (type png)
<use body/image/4-18.png>
Package pdftex.def Info: body/image/4-18.png  used on input line 350.
(pdftex.def)             Requested size: 441.01773pt x 178.24776pt.
<body/image/4-19.png, id=745, 417.2388pt x 39.0258pt>
File: body/image/4-19.png Graphic file (type png)
<use body/image/4-19.png>
Package pdftex.def Info: body/image/4-19.png  used on input line 360.
(pdftex.def)             Requested size: 441.01773pt x 41.25162pt.


Package fancyhdr Warning: \headheight is too small (12.0pt): 
(fancyhdr)                Make it at least 14.49998pt, for example:
(fancyhdr)                \setlength{\headheight}{14.49998pt}.
(fancyhdr)                You might also make \topmargin smaller to compensate:
(fancyhdr)                \addtolength{\topmargin}{-2.49998pt}.

[33 <./body/image/4-17.png> <./body/image/4-18.png>]
<body/image/4-20.png, id=752, 417.2388pt x 52.998pt>
File: body/image/4-20.png Graphic file (type png)
<use body/image/4-20.png>
Package pdftex.def Info: body/image/4-20.png  used on input line 371.
(pdftex.def)             Requested size: 441.01773pt x 56.02072pt.
<body/image/4-21.png, id=753, 253.9086pt x 241.8636pt>
File: body/image/4-21.png Graphic file (type png)
<use body/image/4-21.png>
Package pdftex.def Info: body/image/4-21.png  used on input line 384.
(pdftex.def)             Requested size: 264.61333pt x 252.05995pt.


Package fancyhdr Warning: \headheight is too small (12.0pt): 
(fancyhdr)                Make it at least 14.49998pt, for example:
(fancyhdr)                \setlength{\headheight}{14.49998pt}.
(fancyhdr)                You might also make \topmargin smaller to compensate:
(fancyhdr)                \addtolength{\topmargin}{-2.49998pt}.

[34 <./body/image/4-19.png> <./body/image/4-20.png> <./body/image/4-21.png>]
<body/image/4-22.png, id=765, 417.2388pt x 173.448pt>
File: body/image/4-22.png Graphic file (type png)
<use body/image/4-22.png>
Package pdftex.def Info: body/image/4-22.png  used on input line 398.
(pdftex.def)             Requested size: 441.01773pt x 183.34056pt.
<body/image/4-23.png, id=766, 417.2388pt x 165.2574pt>
File: body/image/4-23.png Graphic file (type png)
<use body/image/4-23.png>
Package pdftex.def Info: body/image/4-23.png  used on input line 409.
(pdftex.def)             Requested size: 441.01773pt x 174.68279pt.
<body/image/4-24.png, id=767, 417.2388pt x 129.1224pt>
File: body/image/4-24.png Graphic file (type png)
<use body/image/4-24.png>
Package pdftex.def Info: body/image/4-24.png  used on input line 419.
(pdftex.def)             Requested size: 441.01773pt x 136.48686pt.


Package fancyhdr Warning: \headheight is too small (12.0pt): 
(fancyhdr)                Make it at least 14.49998pt, for example:
(fancyhdr)                \setlength{\headheight}{14.49998pt}.
(fancyhdr)                You might also make \topmargin smaller to compensate:
(fancyhdr)                \addtolength{\topmargin}{-2.49998pt}.

[35 <./body/image/4-22.png> <./body/image/4-23.png>]
<body/image/4-25.png, id=774, 417.2388pt x 166.221pt>
File: body/image/4-25.png Graphic file (type png)
<use body/image/4-25.png>
Package pdftex.def Info: body/image/4-25.png  used on input line 430.
(pdftex.def)             Requested size: 441.01773pt x 175.70134pt.
<body/image/4-26.png, id=775, 258.7266pt x 244.7544pt>
File: body/image/4-26.png Graphic file (type png)
<use body/image/4-26.png>
Package pdftex.def Info: body/image/4-26.png  used on input line 442.
(pdftex.def)             Requested size: 264.61333pt x 250.3296pt.


Package fancyhdr Warning: \headheight is too small (12.0pt): 
(fancyhdr)                Make it at least 14.49998pt, for example:
(fancyhdr)                \setlength{\headheight}{14.49998pt}.
(fancyhdr)                You might also make \topmargin smaller to compensate:
(fancyhdr)                \addtolength{\topmargin}{-2.49998pt}.

[36 <./body/image/4-24.png> <./body/image/4-25.png>]
<body/image/t4-8.png, id=784, 417.2388pt x 97.3236pt>
File: body/image/t4-8.png Graphic file (type png)
<use body/image/t4-8.png>
Package pdftex.def Info: body/image/t4-8.png  used on input line 459.
(pdftex.def)             Requested size: 441.01773pt x 102.87439pt.

Overfull \hbox (12.00002pt too wide) in paragraph at lines 458--462
 [][] 
 []

<body/image/4-27.png, id=785, 417.2388pt x 326.1786pt>
File: body/image/4-27.png Graphic file (type png)
<use body/image/4-27.png>
Package pdftex.def Info: body/image/4-27.png  used on input line 466.
(pdftex.def)             Requested size: 352.81552pt x 275.82469pt.

Package fancyhdr Warning: \headheight is too small (12.0pt): 
(fancyhdr)                Make it at least 14.49998pt, for example:
(fancyhdr)                \setlength{\headheight}{14.49998pt}.
(fancyhdr)                You might also make \topmargin smaller to compensate:
(fancyhdr)                \addtolength{\topmargin}{-2.49998pt}.

[37 <./body/image/4-26.png> <./body/image/t4-8.png>]
<body/image/4-28.png, id=794, 124.3044pt x 289.08pt>
File: body/image/4-28.png Graphic file (type png)
<use body/image/4-28.png>
Package pdftex.def Info: body/image/4-28.png  used on input line 478.
(pdftex.def)             Requested size: 176.40439pt x 410.26268pt.
)

Package fancyhdr Warning: \headheight is too small (12.0pt): 
(fancyhdr)                Make it at least 14.49998pt, for example:
(fancyhdr)                \setlength{\headheight}{14.49998pt}.
(fancyhdr)                You might also make \topmargin smaller to compensate:
(fancyhdr)                \addtolength{\topmargin}{-2.49998pt}.

[38 <./body/image/4-27.png>]

Package fancyhdr Warning: \headheight is too small (12.0pt): 
(fancyhdr)                Make it at least 14.49998pt, for example:
(fancyhdr)                \setlength{\headheight}{14.49998pt}.
(fancyhdr)                You might also make \topmargin smaller to compensate:
(fancyhdr)                \addtolength{\topmargin}{-2.49998pt}.

[39 <./body/image/4-28.png>]
Chapter 5.
(body/5-conclusions.tex

Package fancyhdr Warning: \headheight is too small (12.0pt): 
(fancyhdr)                Make it at least 14.49998pt, for example:
(fancyhdr)                \setlength{\headheight}{14.49998pt}.
(fancyhdr)                You might also make \topmargin smaller to compensate:
(fancyhdr)                \addtolength{\topmargin}{-2.49998pt}.

[40

])) (back/back_reference.tex

Package fancyhdr Warning: \headheight is too small (12.0pt): 
(fancyhdr)                Make it at least 14.49998pt, for example:
(fancyhdr)                \setlength{\headheight}{14.49998pt}.
(fancyhdr)                You might also make \topmargin smaller to compensate:
(fancyhdr)                \addtolength{\topmargin}{-2.49998pt}.

[41]
No file main.bbl.
) (main.aux)

LaTeX Warning: There were undefined references.

Package rerunfilecheck Info: File `main.out' has not changed.
(rerunfilecheck)             Checksum: 8424AD12FADDEF7839667E39FBDB0809;4793.
 ) 
Here is how much of TeX's memory you used:
 30645 strings out of 478848
 567452 string characters out of 2845521
 871500 words of memory out of 3000000
 47542 multiletter control sequences out of 15000+600000
 459796 words of font info for 228 fonts, out of 8000000 for 9000
 1141 hyphenation exceptions out of 8191
 73i,13n,78p,1466b,1454s stack positions out of 5000i,500n,10000p,200000b,80000s
pdfTeX warning (dest): name{Hfootnote.4} has been referenced but does not exist, replaced by a fixed one

pdfTeX warning (dest): name{Hfootnote.3} has been referenced but does not exist, replaced by a fixed one

pdfTeX warning (dest): name{Hfootnote.2} has been referenced but does not exist, replaced by a fixed one

pdfTeX warning (dest): name{Hfootnote.1} has been referenced but does not exist, replaced by a fixed one

 </Users/marksu/Library/Application Support/MiKTeX/texmfs/data/fonts/pk/ljfour/jknappen/ec/dpi600/tcrm0700.pk> </Users/marksu/Library/Application Support/MiKTeX/texmfs/data/fonts/pk/ljfour/jknappen/ec/dpi600/tcrm1000.pk></Users/marksu/Library/Application Support/MiKTeX/texmfs/install/fonts/type1/arphic/bkaiu/bkaiu30.pfb></Users/marksu/Library/Application Support/MiKTeX/texmfs/install/fonts/type1/arphic/bkaiu/bkaiu4e.pfb></Users/marksu/Library/Application Support/MiKTeX/texmfs/install/fonts/type1/arphic/bkaiu/bkaiu4f.pfb></Users/marksu/Library/Application Support/MiKTeX/texmfs/install/fonts/type1/arphic/bkaiu/bkaiu50.pfb></Users/marksu/Library/Application Support/MiKTeX/texmfs/install/fonts/type1/arphic/bkaiu/bkaiu51.pfb></Users/marksu/Library/Application Support/MiKTeX/texmfs/install/fonts/type1/arphic/bkaiu/bkaiu52.pfb></Users/marksu/Library/Application Support/MiKTeX/texmfs/install/fonts/type1/arphic/bkaiu/bkaiu53.pfb></Users/marksu/Library/Application Support/MiKTeX/texmfs/install/fonts/type1/arphic/bkaiu/bkaiu54.pfb></Users/marksu/Library/Application Support/MiKTeX/texmfs/install/fonts/type1/arphic/bkaiu/bkaiu55.pfb></Users/marksu/Library/Application Support/MiKTeX/texmfs/install/fonts/type1/arphic/bkaiu/bkaiu56.pfb></Users/marksu/Library/Application Support/MiKTeX/texmfs/install/fonts/type1/arphic/bkaiu/bkaiu57.pfb></Users/marksu/Library/Application Support/MiKTeX/texmfs/install/fonts/type1/arphic/bkaiu/bkaiu58.pfb></Users/marksu/Library/Application Support/MiKTeX/texmfs/install/fonts/type1/arphic/bkaiu/bkaiu59.pfb></Users/marksu/Library/Application Support/MiKTeX/texmfs/install/fonts/type1/arphic/bkaiu/bkaiu5b.pfb></Users/marksu/Library/Application Support/MiKTeX/texmfs/install/fonts/type1/arphic/bkaiu/bkaiu5c.pfb></Users/marksu/Library/Application Support/MiKTeX/texmfs/install/fonts/type1/arphic/bkaiu/bkaiu5d.pfb></Users/marksu/Library/Application Support/MiKTeX/texmfs/install/fonts/type1/arphic/bkaiu/bkaiu5e.pfb></Users/marksu/Library/Application Support/MiKTeX/texmfs/install/fonts/type1/arphic/bkaiu/bkaiu5f.pfb></Users/marksu/Library/Application Support/MiKTeX/texmfs/install/fonts/type1/arphic/bkaiu/bkaiu60.pfb></Users/marksu/Library/Application Support/MiKTeX/texmfs/install/fonts/type1/arphic/bkaiu/bkaiu61.pfb></Users/marksu/Library/Application Support/MiKTeX/texmfs/install/fonts/type1/arphic/bkaiu/bkaiu62.pfb></Users/marksu/Library/Application Support/MiKTeX/texmfs/install/fonts/type1/arphic/bkaiu/bkaiu63.pfb></Users/marksu/Library/Application Support/MiKTeX/texmfs/install/fonts/type1/arphic/bkaiu/bkaiu64.pfb></Users/marksu/Library/Application Support/MiKTeX/texmfs/install/fonts/type1/arphic/bkaiu/bkaiu65.pfb></Users/marksu/Library/Application Support/MiKTeX/texmfs/install/fonts/type1/arphic/bkaiu/bkaiu66.pfb></Users/marksu/Library/Application Support/MiKTeX/texmfs/install/fonts/type1/arphic/bkaiu/bkaiu67.pfb></Users/marksu/Library/Application Support/MiKTeX/texmfs/install/fonts/type1/arphic/bkaiu/bkaiu68.pfb></Users/marksu/Library/Application Support/MiKTeX/texmfs/install/fonts/type1/arphic/bkaiu/bkaiu69.pfb></Users/marksu/Library/Application Support/MiKTeX/texmfs/install/fonts/type1/arphic/bkaiu/bkaiu6a.pfb></Users/marksu/Library/Application Support/MiKTeX/texmfs/install/fonts/type1/arphic/bkaiu/bkaiu6b.pfb></Users/marksu/Library/Application Support/MiKTeX/texmfs/install/fonts/type1/arphic/bkaiu/bkaiu6c.pfb></Users/marksu/Library/Application Support/MiKTeX/texmfs/install/fonts/type1/arphic/bkaiu/bkaiu6d.pfb></Users/marksu/Library/Application Support/MiKTeX/texmfs/install/fonts/type1/arphic/bkaiu/bkaiu6e.pfb></Users/marksu/Library/Application Support/MiKTeX/texmfs/install/fonts/type1/arphic/bkaiu/bkaiu6f.pfb></Users/marksu/Library/Application Support/MiKTeX/texmfs/install/fonts/type1/arphic/bkaiu/bkaiu70.pfb></Users/marksu/Library/Application Support/MiKTeX/texmfs/install/fonts/type1/arphic/bkaiu/bkaiu71.pfb></Users/marksu/Library/Application Support/MiKTeX/texmfs/install/fonts/type1/arphic/bkaiu/bkaiu73.pfb></Users/marksu/Library/Application Support/MiKTeX/texmfs/install/fonts/type1/arphic/bkaiu/bkaiu74.pfb></Users/marksu/Library/Application Support/MiKTeX/texmfs/install/fonts/type1/arphic/bkaiu/bkaiu75.pfb></Users/marksu/Library/Application Support/MiKTeX/texmfs/install/fonts/type1/arphic/bkaiu/bkaiu76.pfb></Users/marksu/Library/Application Support/MiKTeX/texmfs/install/fonts/type1/arphic/bkaiu/bkaiu78.pfb></Users/marksu/Library/Application Support/MiKTeX/texmfs/install/fonts/type1/arphic/bkaiu/bkaiu79.pfb></Users/marksu/Library/Application Support/MiKTeX/texmfs/install/fonts/type1/arphic/bkaiu/bkaiu7a.pfb></Users/marksu/Library/Application Support/MiKTeX/texmfs/install/fonts/type1/arphic/bkaiu/bkaiu7b.pfb></Users/marksu/Library/Application Support/MiKTeX/texmfs/install/fonts/type1/arphic/bkaiu/bkaiu7c.pfb></Users/marksu/Library/Application Support/MiKTeX/texmfs/install/fonts/type1/arphic/bkaiu/bkaiu7d.pfb></Users/marksu/Library/Application Support/MiKTeX/texmfs/install/fonts/type1/arphic/bkaiu/bkaiu7f.pfb></Users/marksu/Library/Application Support/MiKTeX/texmfs/install/fonts/type1/arphic/bkaiu/bkaiu80.pfb></Users/marksu/Library/Application Support/MiKTeX/texmfs/install/fonts/type1/arphic/bkaiu/bkaiu81.pfb></Users/marksu/Library/Application Support/MiKTeX/texmfs/install/fonts/type1/arphic/bkaiu/bkaiu82.pfb></Users/marksu/Library/Application Support/MiKTeX/texmfs/install/fonts/type1/arphic/bkaiu/bkaiu83.pfb></Users/marksu/Library/Application Support/MiKTeX/texmfs/install/fonts/type1/arphic/bkaiu/bkaiu84.pfb></Users/marksu/Library/Application Support/MiKTeX/texmfs/install/fonts/type1/arphic/bkaiu/bkaiu86.pfb></Users/marksu/Library/Application Support/MiKTeX/texmfs/install/fonts/type1/arphic/bkaiu/bkaiu88.pfb></Users/marksu/Library/Application Support/MiKTeX/texmfs/install/fonts/type1/arphic/bkaiu/bkaiu89.pfb></Users/marksu/Library/Application Support/MiKTeX/texmfs/install/fonts/type1/arphic/bkaiu/bkaiu8a.pfb></Users/marksu/Library/Application Support/MiKTeX/texmfs/install/fonts/type1/arphic/bkaiu/bkaiu8b.pfb></Users/marksu/Library/Application Support/MiKTeX/texmfs/install/fonts/type1/arphic/bkaiu/bkaiu8c.pfb></Users/marksu/Library/Application Support/MiKTeX/texmfs/install/fonts/type1/arphic/bkaiu/bkaiu8d.pfb></Users/marksu/Library/Application Support/MiKTeX/texmfs/install/fonts/type1/arphic/bkaiu/bkaiu8f.pfb></Users/marksu/Library/Application Support/MiKTeX/texmfs/install/fonts/type1/arphic/bkaiu/bkaiu90.pfb></Users/marksu/Library/Application Support/MiKTeX/texmfs/install/fonts/type1/arphic/bkaiu/bkaiu91.pfb></Users/marksu/Library/Application Support/MiKTeX/texmfs/install/fonts/type1/arphic/bkaiu/bkaiu93.pfb></Users/marksu/Library/Application Support/MiKTeX/texmfs/install/fonts/type1/arphic/bkaiu/bkaiu95.pfb></Users/marksu/Library/Application Support/MiKTeX/texmfs/install/fonts/type1/arphic/bkaiu/bkaiu96.pfb></Users/marksu/Library/Application Support/MiKTeX/texmfs/install/fonts/type1/arphic/bkaiu/bkaiu97.pfb></Users/marksu/Library/Application Support/MiKTeX/texmfs/install/fonts/type1/arphic/bkaiu/bkaiu98.pfb></Users/marksu/Library/Application Support/MiKTeX/texmfs/install/fonts/type1/arphic/bkaiu/bkaiu9a.pfb></Users/marksu/Library/Application Support/MiKTeX/texmfs/install/fonts/type1/arphic/bkaiu/bkaiu9e.pfb></Users/marksu/Library/Application Support/MiKTeX/texmfs/install/fonts/type1/arphic/bkaiu/bkaiuff.pfb></Library/Application Support/MiKTeX/texmfs/install/fonts/type1/public/amsfonts/cm/cmbx12.pfb></Library/Application Support/MiKTeX/texmfs/install/fonts/type1/public/amsfonts/cm/cmmi12.pfb></Library/Application Support/MiKTeX/texmfs/install/fonts/type1/public/amsfonts/cm/cmr10.pfb></Library/Application Support/MiKTeX/texmfs/install/fonts/type1/public/amsfonts/cm/cmr12.pfb></Library/Application Support/MiKTeX/texmfs/install/fonts/type1/public/amsfonts/cm/cmr17.pfb></Library/Application Support/MiKTeX/texmfs/install/fonts/type1/public/amsfonts/cm/cmsy10.pfb>
Output written on main.pdf (53 pages, 6659635 bytes).
PDF statistics:
 1165 PDF objects out of 1200 (max. 8388607)
 154 named destinations out of 1000 (max. 500000)
 816 words of extra memory for PDF output out of 10000 (max. 10000000)

